<?xml version="1.0" encoding="UTF-8"?>
<testsuite name="com.innowise.coordination.repository.ProjectIntegrationRepositoryTest" tests="6" skipped="0" failures="0" errors="0" timestamp="2019-07-04T07:35:23" hostname="212JS" time="0.037">
  <properties/>
  <testcase name="testFindAll" classname="com.innowise.coordination.repository.ProjectIntegrationRepositoryTest" time="0.01"/>
  <testcase name="testSave" classname="com.innowise.coordination.repository.ProjectIntegrationRepositoryTest" time="0.003"/>
  <testcase name="testFindById" classname="com.innowise.coordination.repository.ProjectIntegrationRepositoryTest" time="0.006"/>
  <testcase name="testDeleteAll" classname="com.innowise.coordination.repository.ProjectIntegrationRepositoryTest" time="0.008"/>
  <testcase name="testDeleteById" classname="com.innowise.coordination.repository.ProjectIntegrationRepositoryTest" time="0.005"/>
  <testcase name="testUpdate" classname="com.innowise.coordination.repository.ProjectIntegrationRepositoryTest" time="0.003"/>
  <system-out><![CDATA[2019-07-04 10:35:23.385  INFO 18418 --- [    Test worker] .b.t.c.SpringBootTestContextBootstrapper : Neither @ContextConfiguration nor @ContextHierarchy found for test class [com.innowise.coordination.repository.ProjectIntegrationRepositoryTest], using SpringBootContextLoader
2019-07-04 10:35:23.385  INFO 18418 --- [    Test worker] o.s.t.c.support.AbstractContextLoader    : Could not detect default resource locations for test class [com.innowise.coordination.repository.ProjectIntegrationRepositoryTest]: no resource found for suffixes {-context.xml, Context.groovy}.
2019-07-04 10:35:23.386  INFO 18418 --- [    Test worker] .b.t.c.SpringBootTestContextBootstrapper : Loaded default TestExecutionListener class names from location [META-INF/spring.factories]: [org.springframework.boot.test.autoconfigure.restdocs.RestDocsTestExecutionListener, org.springframework.boot.test.autoconfigure.web.client.MockRestServiceServerResetTestExecutionListener, org.springframework.boot.test.autoconfigure.web.servlet.MockMvcPrintOnlyOnFailureTestExecutionListener, org.springframework.boot.test.autoconfigure.web.servlet.WebDriverTestExecutionListener, org.springframework.boot.test.mock.mockito.MockitoTestExecutionListener, org.springframework.boot.test.mock.mockito.ResetMocksTestExecutionListener, org.springframework.test.context.web.ServletTestExecutionListener, org.springframework.test.context.support.DirtiesContextBeforeModesTestExecutionListener, org.springframework.test.context.support.DependencyInjectionTestExecutionListener, org.springframework.test.context.support.DirtiesContextTestExecutionListener, org.springframework.test.context.transaction.TransactionalTestExecutionListener, org.springframework.test.context.jdbc.SqlScriptsTestExecutionListener]
2019-07-04 10:35:23.387  INFO 18418 --- [    Test worker] .b.t.c.SpringBootTestContextBootstrapper : Using TestExecutionListeners: [org.springframework.test.context.web.ServletTestExecutionListener@4d6ae928, org.springframework.test.context.support.DirtiesContextBeforeModesTestExecutionListener@5f4315c1, org.springframework.boot.test.mock.mockito.MockitoTestExecutionListener@226de939, org.springframework.boot.test.autoconfigure.SpringBootDependencyInjectionTestExecutionListener@3aab3651, org.springframework.test.context.support.DirtiesContextTestExecutionListener@2092ab85, org.springframework.test.context.transaction.TransactionalTestExecutionListener@67384f4b, org.springframework.test.context.jdbc.SqlScriptsTestExecutionListener@2ad156b4, org.springframework.boot.test.autoconfigure.restdocs.RestDocsTestExecutionListener@492bf401, org.springframework.boot.test.autoconfigure.web.client.MockRestServiceServerResetTestExecutionListener@7cd0a022, org.springframework.boot.test.autoconfigure.web.servlet.MockMvcPrintOnlyOnFailureTestExecutionListener@59b7eae4, org.springframework.boot.test.autoconfigure.web.servlet.WebDriverTestExecutionListener@79736390, org.springframework.boot.test.mock.mockito.ResetMocksTestExecutionListener@6f6e1b43]
2019-07-04 10:35:23.390  INFO 18418 --- [    Test worker] o.s.t.c.transaction.TransactionContext   : Began transaction (1) for test context [DefaultTestContext@de678a8 testClass = ProjectIntegrationRepositoryTest, testInstance = com.innowise.coordination.repository.ProjectIntegrationRepositoryTest@28bc11af, testMethod = testFindAll@AbstractIntegrationRepositoryTest, testException = [null], mergedContextConfiguration = [WebMergedContextConfiguration@5af0a57d testClass = ProjectIntegrationRepositoryTest, locations = '{}', classes = '{class com.innowise.coordination.CoordinationApplication, class com.innowise.coordination.CoordinationApplication}', contextInitializerClasses = '[]', activeProfiles = '{test}', propertySourceLocations = '{}', propertySourceProperties = '{org.springframework.boot.test.context.SpringBootTestContextBootstrapper=true}', contextCustomizers = set[org.springframework.boot.test.autoconfigure.properties.PropertyMappingContextCustomizer@0, org.springframework.boot.test.autoconfigure.web.servlet.WebDriverContextCustomizerFactory$Customizer@5c94e77a, org.springframework.boot.test.context.filter.ExcludeFilterContextCustomizer@6eae0dcf, org.springframework.boot.test.json.DuplicateJsonObjectContextCustomizerFactory$DuplicateJsonObjectContextCustomizer@735cc746, org.springframework.boot.test.mock.mockito.MockitoContextCustomizer@0, org.springframework.boot.test.web.client.TestRestTemplateContextCustomizer@4ce1a62a], resourceBasePath = 'src/main/webapp', contextLoader = 'org.springframework.boot.test.context.SpringBootContextLoader', parent = [null]], attributes = map['org.springframework.test.context.web.ServletTestExecutionListener.activateListener' -> true, 'org.springframework.test.context.web.ServletTestExecutionListener.populatedRequestContextHolder' -> true, 'org.springframework.test.context.web.ServletTestExecutionListener.resetRequestContextHolder' -> true]]; transaction manager [org.springframework.orm.jpa.JpaTransactionManager@54411b60]; rollback [true]
2019-07-04 10:35:23.398  INFO 18418 --- [    Test worker] o.s.t.c.transaction.TransactionContext   : Rolled back transaction for test: [DefaultTestContext@de678a8 testClass = ProjectIntegrationRepositoryTest, testInstance = com.innowise.coordination.repository.ProjectIntegrationRepositoryTest@28bc11af, testMethod = testFindAll@AbstractIntegrationRepositoryTest, testException = [null], mergedContextConfiguration = [WebMergedContextConfiguration@5af0a57d testClass = ProjectIntegrationRepositoryTest, locations = '{}', classes = '{class com.innowise.coordination.CoordinationApplication, class com.innowise.coordination.CoordinationApplication}', contextInitializerClasses = '[]', activeProfiles = '{test}', propertySourceLocations = '{}', propertySourceProperties = '{org.springframework.boot.test.context.SpringBootTestContextBootstrapper=true}', contextCustomizers = set[org.springframework.boot.test.autoconfigure.properties.PropertyMappingContextCustomizer@0, org.springframework.boot.test.autoconfigure.web.servlet.WebDriverContextCustomizerFactory$Customizer@5c94e77a, org.springframework.boot.test.context.filter.ExcludeFilterContextCustomizer@6eae0dcf, org.springframework.boot.test.json.DuplicateJsonObjectContextCustomizerFactory$DuplicateJsonObjectContextCustomizer@735cc746, org.springframework.boot.test.mock.mockito.MockitoContextCustomizer@0, org.springframework.boot.test.web.client.TestRestTemplateContextCustomizer@4ce1a62a], resourceBasePath = 'src/main/webapp', contextLoader = 'org.springframework.boot.test.context.SpringBootContextLoader', parent = [null]], attributes = map['org.springframework.test.context.web.ServletTestExecutionListener.activateListener' -> true, 'org.springframework.test.context.web.ServletTestExecutionListener.populatedRequestContextHolder' -> true, 'org.springframework.test.context.web.ServletTestExecutionListener.resetRequestContextHolder' -> true]]
2019-07-04 10:35:23.400  INFO 18418 --- [    Test worker] o.s.t.c.transaction.TransactionContext   : Began transaction (1) for test context [DefaultTestContext@de678a8 testClass = ProjectIntegrationRepositoryTest, testInstance = com.innowise.coordination.repository.ProjectIntegrationRepositoryTest@5250b7a3, testMethod = testSave@AbstractIntegrationRepositoryTest, testException = [null], mergedContextConfiguration = [WebMergedContextConfiguration@5af0a57d testClass = ProjectIntegrationRepositoryTest, locations = '{}', classes = '{class com.innowise.coordination.CoordinationApplication, class com.innowise.coordination.CoordinationApplication}', contextInitializerClasses = '[]', activeProfiles = '{test}', propertySourceLocations = '{}', propertySourceProperties = '{org.springframework.boot.test.context.SpringBootTestContextBootstrapper=true}', contextCustomizers = set[org.springframework.boot.test.autoconfigure.properties.PropertyMappingContextCustomizer@0, org.springframework.boot.test.autoconfigure.web.servlet.WebDriverContextCustomizerFactory$Customizer@5c94e77a, org.springframework.boot.test.context.filter.ExcludeFilterContextCustomizer@6eae0dcf, org.springframework.boot.test.json.DuplicateJsonObjectContextCustomizerFactory$DuplicateJsonObjectContextCustomizer@735cc746, org.springframework.boot.test.mock.mockito.MockitoContextCustomizer@0, org.springframework.boot.test.web.client.TestRestTemplateContextCustomizer@4ce1a62a], resourceBasePath = 'src/main/webapp', contextLoader = 'org.springframework.boot.test.context.SpringBootContextLoader', parent = [null]], attributes = map['org.springframework.test.context.web.ServletTestExecutionListener.activateListener' -> true, 'org.springframework.test.context.web.ServletTestExecutionListener.populatedRequestContextHolder' -> true, 'org.springframework.test.context.web.ServletTestExecutionListener.resetRequestContextHolder' -> true]]; transaction manager [org.springframework.orm.jpa.JpaTransactionManager@54411b60]; rollback [true]
2019-07-04 10:35:23.402  INFO 18418 --- [    Test worker] o.s.t.c.transaction.TransactionContext   : Rolled back transaction for test: [DefaultTestContext@de678a8 testClass = ProjectIntegrationRepositoryTest, testInstance = com.innowise.coordination.repository.ProjectIntegrationRepositoryTest@5250b7a3, testMethod = testSave@AbstractIntegrationRepositoryTest, testException = [null], mergedContextConfiguration = [WebMergedContextConfiguration@5af0a57d testClass = ProjectIntegrationRepositoryTest, locations = '{}', classes = '{class com.innowise.coordination.CoordinationApplication, class com.innowise.coordination.CoordinationApplication}', contextInitializerClasses = '[]', activeProfiles = '{test}', propertySourceLocations = '{}', propertySourceProperties = '{org.springframework.boot.test.context.SpringBootTestContextBootstrapper=true}', contextCustomizers = set[org.springframework.boot.test.autoconfigure.properties.PropertyMappingContextCustomizer@0, org.springframework.boot.test.autoconfigure.web.servlet.WebDriverContextCustomizerFactory$Customizer@5c94e77a, org.springframework.boot.test.context.filter.ExcludeFilterContextCustomizer@6eae0dcf, org.springframework.boot.test.json.DuplicateJsonObjectContextCustomizerFactory$DuplicateJsonObjectContextCustomizer@735cc746, org.springframework.boot.test.mock.mockito.MockitoContextCustomizer@0, org.springframework.boot.test.web.client.TestRestTemplateContextCustomizer@4ce1a62a], resourceBasePath = 'src/main/webapp', contextLoader = 'org.springframework.boot.test.context.SpringBootContextLoader', parent = [null]], attributes = map['org.springframework.test.context.web.ServletTestExecutionListener.activateListener' -> true, 'org.springframework.test.context.web.ServletTestExecutionListener.populatedRequestContextHolder' -> true, 'org.springframework.test.context.web.ServletTestExecutionListener.resetRequestContextHolder' -> true]]
2019-07-04 10:35:23.403  INFO 18418 --- [    Test worker] o.s.t.c.transaction.TransactionContext   : Began transaction (1) for test context [DefaultTestContext@de678a8 testClass = ProjectIntegrationRepositoryTest, testInstance = com.innowise.coordination.repository.ProjectIntegrationRepositoryTest@2f9e7183, testMethod = testFindById@AbstractIntegrationRepositoryTest, testException = [null], mergedContextConfiguration = [WebMergedContextConfiguration@5af0a57d testClass = ProjectIntegrationRepositoryTest, locations = '{}', classes = '{class com.innowise.coordination.CoordinationApplication, class com.innowise.coordination.CoordinationApplication}', contextInitializerClasses = '[]', activeProfiles = '{test}', propertySourceLocations = '{}', propertySourceProperties = '{org.springframework.boot.test.context.SpringBootTestContextBootstrapper=true}', contextCustomizers = set[org.springframework.boot.test.autoconfigure.properties.PropertyMappingContextCustomizer@0, org.springframework.boot.test.autoconfigure.web.servlet.WebDriverContextCustomizerFactory$Customizer@5c94e77a, org.springframework.boot.test.context.filter.ExcludeFilterContextCustomizer@6eae0dcf, org.springframework.boot.test.json.DuplicateJsonObjectContextCustomizerFactory$DuplicateJsonObjectContextCustomizer@735cc746, org.springframework.boot.test.mock.mockito.MockitoContextCustomizer@0, org.springframework.boot.test.web.client.TestRestTemplateContextCustomizer@4ce1a62a], resourceBasePath = 'src/main/webapp', contextLoader = 'org.springframework.boot.test.context.SpringBootContextLoader', parent = [null]], attributes = map['org.springframework.test.context.web.ServletTestExecutionListener.activateListener' -> true, 'org.springframework.test.context.web.ServletTestExecutionListener.populatedRequestContextHolder' -> true, 'org.springframework.test.context.web.ServletTestExecutionListener.resetRequestContextHolder' -> true]]; transaction manager [org.springframework.orm.jpa.JpaTransactionManager@54411b60]; rollback [true]
2019-07-04 10:35:23.408  INFO 18418 --- [    Test worker] o.s.t.c.transaction.TransactionContext   : Rolled back transaction for test: [DefaultTestContext@de678a8 testClass = ProjectIntegrationRepositoryTest, testInstance = com.innowise.coordination.repository.ProjectIntegrationRepositoryTest@2f9e7183, testMethod = testFindById@AbstractIntegrationRepositoryTest, testException = [null], mergedContextConfiguration = [WebMergedContextConfiguration@5af0a57d testClass = ProjectIntegrationRepositoryTest, locations = '{}', classes = '{class com.innowise.coordination.CoordinationApplication, class com.innowise.coordination.CoordinationApplication}', contextInitializerClasses = '[]', activeProfiles = '{test}', propertySourceLocations = '{}', propertySourceProperties = '{org.springframework.boot.test.context.SpringBootTestContextBootstrapper=true}', contextCustomizers = set[org.springframework.boot.test.autoconfigure.properties.PropertyMappingContextCustomizer@0, org.springframework.boot.test.autoconfigure.web.servlet.WebDriverContextCustomizerFactory$Customizer@5c94e77a, org.springframework.boot.test.context.filter.ExcludeFilterContextCustomizer@6eae0dcf, org.springframework.boot.test.json.DuplicateJsonObjectContextCustomizerFactory$DuplicateJsonObjectContextCustomizer@735cc746, org.springframework.boot.test.mock.mockito.MockitoContextCustomizer@0, org.springframework.boot.test.web.client.TestRestTemplateContextCustomizer@4ce1a62a], resourceBasePath = 'src/main/webapp', contextLoader = 'org.springframework.boot.test.context.SpringBootContextLoader', parent = [null]], attributes = map['org.springframework.test.context.web.ServletTestExecutionListener.activateListener' -> true, 'org.springframework.test.context.web.ServletTestExecutionListener.populatedRequestContextHolder' -> true, 'org.springframework.test.context.web.ServletTestExecutionListener.resetRequestContextHolder' -> true]]
2019-07-04 10:35:23.409  INFO 18418 --- [    Test worker] o.s.t.c.transaction.TransactionContext   : Began transaction (1) for test context [DefaultTestContext@de678a8 testClass = ProjectIntegrationRepositoryTest, testInstance = com.innowise.coordination.repository.ProjectIntegrationRepositoryTest@5c008eff, testMethod = testDeleteAll@AbstractIntegrationRepositoryTest, testException = [null], mergedContextConfiguration = [WebMergedContextConfiguration@5af0a57d testClass = ProjectIntegrationRepositoryTest, locations = '{}', classes = '{class com.innowise.coordination.CoordinationApplication, class com.innowise.coordination.CoordinationApplication}', contextInitializerClasses = '[]', activeProfiles = '{test}', propertySourceLocations = '{}', propertySourceProperties = '{org.springframework.boot.test.context.SpringBootTestContextBootstrapper=true}', contextCustomizers = set[org.springframework.boot.test.autoconfigure.properties.PropertyMappingContextCustomizer@0, org.springframework.boot.test.autoconfigure.web.servlet.WebDriverContextCustomizerFactory$Customizer@5c94e77a, org.springframework.boot.test.context.filter.ExcludeFilterContextCustomizer@6eae0dcf, org.springframework.boot.test.json.DuplicateJsonObjectContextCustomizerFactory$DuplicateJsonObjectContextCustomizer@735cc746, org.springframework.boot.test.mock.mockito.MockitoContextCustomizer@0, org.springframework.boot.test.web.client.TestRestTemplateContextCustomizer@4ce1a62a], resourceBasePath = 'src/main/webapp', contextLoader = 'org.springframework.boot.test.context.SpringBootContextLoader', parent = [null]], attributes = map['org.springframework.test.context.web.ServletTestExecutionListener.activateListener' -> true, 'org.springframework.test.context.web.ServletTestExecutionListener.populatedRequestContextHolder' -> true, 'org.springframework.test.context.web.ServletTestExecutionListener.resetRequestContextHolder' -> true]]; transaction manager [org.springframework.orm.jpa.JpaTransactionManager@54411b60]; rollback [true]
2019-07-04 10:35:23.416  INFO 18418 --- [    Test worker] o.s.t.c.transaction.TransactionContext   : Rolled back transaction for test: [DefaultTestContext@de678a8 testClass = ProjectIntegrationRepositoryTest, testInstance = com.innowise.coordination.repository.ProjectIntegrationRepositoryTest@5c008eff, testMethod = testDeleteAll@AbstractIntegrationRepositoryTest, testException = [null], mergedContextConfiguration = [WebMergedContextConfiguration@5af0a57d testClass = ProjectIntegrationRepositoryTest, locations = '{}', classes = '{class com.innowise.coordination.CoordinationApplication, class com.innowise.coordination.CoordinationApplication}', contextInitializerClasses = '[]', activeProfiles = '{test}', propertySourceLocations = '{}', propertySourceProperties = '{org.springframework.boot.test.context.SpringBootTestContextBootstrapper=true}', contextCustomizers = set[org.springframework.boot.test.autoconfigure.properties.PropertyMappingContextCustomizer@0, org.springframework.boot.test.autoconfigure.web.servlet.WebDriverContextCustomizerFactory$Customizer@5c94e77a, org.springframework.boot.test.context.filter.ExcludeFilterContextCustomizer@6eae0dcf, org.springframework.boot.test.json.DuplicateJsonObjectContextCustomizerFactory$DuplicateJsonObjectContextCustomizer@735cc746, org.springframework.boot.test.mock.mockito.MockitoContextCustomizer@0, org.springframework.boot.test.web.client.TestRestTemplateContextCustomizer@4ce1a62a], resourceBasePath = 'src/main/webapp', contextLoader = 'org.springframework.boot.test.context.SpringBootContextLoader', parent = [null]], attributes = map['org.springframework.test.context.web.ServletTestExecutionListener.activateListener' -> true, 'org.springframework.test.context.web.ServletTestExecutionListener.populatedRequestContextHolder' -> true, 'org.springframework.test.context.web.ServletTestExecutionListener.resetRequestContextHolder' -> true]]
2019-07-04 10:35:23.417  INFO 18418 --- [    Test worker] o.s.t.c.transaction.TransactionContext   : Began transaction (1) for test context [DefaultTestContext@de678a8 testClass = ProjectIntegrationRepositoryTest, testInstance = com.innowise.coordination.repository.ProjectIntegrationRepositoryTest@447bc414, testMethod = testDeleteById@AbstractIntegrationRepositoryTest, testException = [null], mergedContextConfiguration = [WebMergedContextConfiguration@5af0a57d testClass = ProjectIntegrationRepositoryTest, locations = '{}', classes = '{class com.innowise.coordination.CoordinationApplication, class com.innowise.coordination.CoordinationApplication}', contextInitializerClasses = '[]', activeProfiles = '{test}', propertySourceLocations = '{}', propertySourceProperties = '{org.springframework.boot.test.context.SpringBootTestContextBootstrapper=true}', contextCustomizers = set[org.springframework.boot.test.autoconfigure.properties.PropertyMappingContextCustomizer@0, org.springframework.boot.test.autoconfigure.web.servlet.WebDriverContextCustomizerFactory$Customizer@5c94e77a, org.springframework.boot.test.context.filter.ExcludeFilterContextCustomizer@6eae0dcf, org.springframework.boot.test.json.DuplicateJsonObjectContextCustomizerFactory$DuplicateJsonObjectContextCustomizer@735cc746, org.springframework.boot.test.mock.mockito.MockitoContextCustomizer@0, org.springframework.boot.test.web.client.TestRestTemplateContextCustomizer@4ce1a62a], resourceBasePath = 'src/main/webapp', contextLoader = 'org.springframework.boot.test.context.SpringBootContextLoader', parent = [null]], attributes = map['org.springframework.test.context.web.ServletTestExecutionListener.activateListener' -> true, 'org.springframework.test.context.web.ServletTestExecutionListener.populatedRequestContextHolder' -> true, 'org.springframework.test.context.web.ServletTestExecutionListener.resetRequestContextHolder' -> true]]; transaction manager [org.springframework.orm.jpa.JpaTransactionManager@54411b60]; rollback [true]
2019-07-04 10:35:23.422  INFO 18418 --- [    Test worker] o.s.t.c.transaction.TransactionContext   : Rolled back transaction for test: [DefaultTestContext@de678a8 testClass = ProjectIntegrationRepositoryTest, testInstance = com.innowise.coordination.repository.ProjectIntegrationRepositoryTest@447bc414, testMethod = testDeleteById@AbstractIntegrationRepositoryTest, testException = [null], mergedContextConfiguration = [WebMergedContextConfiguration@5af0a57d testClass = ProjectIntegrationRepositoryTest, locations = '{}', classes = '{class com.innowise.coordination.CoordinationApplication, class com.innowise.coordination.CoordinationApplication}', contextInitializerClasses = '[]', activeProfiles = '{test}', propertySourceLocations = '{}', propertySourceProperties = '{org.springframework.boot.test.context.SpringBootTestContextBootstrapper=true}', contextCustomizers = set[org.springframework.boot.test.autoconfigure.properties.PropertyMappingContextCustomizer@0, org.springframework.boot.test.autoconfigure.web.servlet.WebDriverContextCustomizerFactory$Customizer@5c94e77a, org.springframework.boot.test.context.filter.ExcludeFilterContextCustomizer@6eae0dcf, org.springframework.boot.test.json.DuplicateJsonObjectContextCustomizerFactory$DuplicateJsonObjectContextCustomizer@735cc746, org.springframework.boot.test.mock.mockito.MockitoContextCustomizer@0, org.springframework.boot.test.web.client.TestRestTemplateContextCustomizer@4ce1a62a], resourceBasePath = 'src/main/webapp', contextLoader = 'org.springframework.boot.test.context.SpringBootContextLoader', parent = [null]], attributes = map['org.springframework.test.context.web.ServletTestExecutionListener.activateListener' -> true, 'org.springframework.test.context.web.ServletTestExecutionListener.populatedRequestContextHolder' -> true, 'org.springframework.test.context.web.ServletTestExecutionListener.resetRequestContextHolder' -> true]]
2019-07-04 10:35:23.423  INFO 18418 --- [    Test worker] o.s.t.c.transaction.TransactionContext   : Began transaction (1) for test context [DefaultTestContext@de678a8 testClass = ProjectIntegrationRepositoryTest, testInstance = com.innowise.coordination.repository.ProjectIntegrationRepositoryTest@4e4734bc, testMethod = testUpdate@AbstractIntegrationRepositoryTest, testException = [null], mergedContextConfiguration = [WebMergedContextConfiguration@5af0a57d testClass = ProjectIntegrationRepositoryTest, locations = '{}', classes = '{class com.innowise.coordination.CoordinationApplication, class com.innowise.coordination.CoordinationApplication}', contextInitializerClasses = '[]', activeProfiles = '{test}', propertySourceLocations = '{}', propertySourceProperties = '{org.springframework.boot.test.context.SpringBootTestContextBootstrapper=true}', contextCustomizers = set[org.springframework.boot.test.autoconfigure.properties.PropertyMappingContextCustomizer@0, org.springframework.boot.test.autoconfigure.web.servlet.WebDriverContextCustomizerFactory$Customizer@5c94e77a, org.springframework.boot.test.context.filter.ExcludeFilterContextCustomizer@6eae0dcf, org.springframework.boot.test.json.DuplicateJsonObjectContextCustomizerFactory$DuplicateJsonObjectContextCustomizer@735cc746, org.springframework.boot.test.mock.mockito.MockitoContextCustomizer@0, org.springframework.boot.test.web.client.TestRestTemplateContextCustomizer@4ce1a62a], resourceBasePath = 'src/main/webapp', contextLoader = 'org.springframework.boot.test.context.SpringBootContextLoader', parent = [null]], attributes = map['org.springframework.test.context.web.ServletTestExecutionListener.activateListener' -> true, 'org.springframework.test.context.web.ServletTestExecutionListener.populatedRequestContextHolder' -> true, 'org.springframework.test.context.web.ServletTestExecutionListener.resetRequestContextHolder' -> true]]; transaction manager [org.springframework.orm.jpa.JpaTransactionManager@54411b60]; rollback [true]
2019-07-04 10:35:23.425  INFO 18418 --- [    Test worker] o.s.t.c.transaction.TransactionContext   : Rolled back transaction for test: [DefaultTestContext@de678a8 testClass = ProjectIntegrationRepositoryTest, testInstance = com.innowise.coordination.repository.ProjectIntegrationRepositoryTest@4e4734bc, testMethod = testUpdate@AbstractIntegrationRepositoryTest, testException = [null], mergedContextConfiguration = [WebMergedContextConfiguration@5af0a57d testClass = ProjectIntegrationRepositoryTest, locations = '{}', classes = '{class com.innowise.coordination.CoordinationApplication, class com.innowise.coordination.CoordinationApplication}', contextInitializerClasses = '[]', activeProfiles = '{test}', propertySourceLocations = '{}', propertySourceProperties = '{org.springframework.boot.test.context.SpringBootTestContextBootstrapper=true}', contextCustomizers = set[org.springframework.boot.test.autoconfigure.properties.PropertyMappingContextCustomizer@0, org.springframework.boot.test.autoconfigure.web.servlet.WebDriverContextCustomizerFactory$Customizer@5c94e77a, org.springframework.boot.test.context.filter.ExcludeFilterContextCustomizer@6eae0dcf, org.springframework.boot.test.json.DuplicateJsonObjectContextCustomizerFactory$DuplicateJsonObjectContextCustomizer@735cc746, org.springframework.boot.test.mock.mockito.MockitoContextCustomizer@0, org.springframework.boot.test.web.client.TestRestTemplateContextCustomizer@4ce1a62a], resourceBasePath = 'src/main/webapp', contextLoader = 'org.springframework.boot.test.context.SpringBootContextLoader', parent = [null]], attributes = map['org.springframework.test.context.web.ServletTestExecutionListener.activateListener' -> true, 'org.springframework.test.context.web.ServletTestExecutionListener.populatedRequestContextHolder' -> true, 'org.springframework.test.context.web.ServletTestExecutionListener.resetRequestContextHolder' -> true]]
]]></system-out>
  <system-err><![CDATA[]]></system-err>
</testsuite>
