<?xml version="1.0" encoding="UTF-8"?>
<testsuite name="com.innowise.coordination.repository.CustomerIntegrationRepositoryTest" tests="6" skipped="0" failures="0" errors="0" timestamp="2019-07-04T07:35:23" hostname="212JS" time="0.043">
  <properties/>
  <testcase name="testFindAll" classname="com.innowise.coordination.repository.CustomerIntegrationRepositoryTest" time="0.012"/>
  <testcase name="testSave" classname="com.innowise.coordination.repository.CustomerIntegrationRepositoryTest" time="0.004"/>
  <testcase name="testFindById" classname="com.innowise.coordination.repository.CustomerIntegrationRepositoryTest" time="0.008"/>
  <testcase name="testDeleteAll" classname="com.innowise.coordination.repository.CustomerIntegrationRepositoryTest" time="0.007"/>
  <testcase name="testDeleteById" classname="com.innowise.coordination.repository.CustomerIntegrationRepositoryTest" time="0.006"/>
  <testcase name="testUpdate" classname="com.innowise.coordination.repository.CustomerIntegrationRepositoryTest" time="0.005"/>
  <system-out><![CDATA[2019-07-04 10:35:23.254  INFO 18418 --- [    Test worker] .b.t.c.SpringBootTestContextBootstrapper : Neither @ContextConfiguration nor @ContextHierarchy found for test class [com.innowise.coordination.repository.CustomerIntegrationRepositoryTest], using SpringBootContextLoader
2019-07-04 10:35:23.254  INFO 18418 --- [    Test worker] o.s.t.c.support.AbstractContextLoader    : Could not detect default resource locations for test class [com.innowise.coordination.repository.CustomerIntegrationRepositoryTest]: no resource found for suffixes {-context.xml, Context.groovy}.
2019-07-04 10:35:23.256  INFO 18418 --- [    Test worker] .b.t.c.SpringBootTestContextBootstrapper : Loaded default TestExecutionListener class names from location [META-INF/spring.factories]: [org.springframework.boot.test.autoconfigure.restdocs.RestDocsTestExecutionListener, org.springframework.boot.test.autoconfigure.web.client.MockRestServiceServerResetTestExecutionListener, org.springframework.boot.test.autoconfigure.web.servlet.MockMvcPrintOnlyOnFailureTestExecutionListener, org.springframework.boot.test.autoconfigure.web.servlet.WebDriverTestExecutionListener, org.springframework.boot.test.mock.mockito.MockitoTestExecutionListener, org.springframework.boot.test.mock.mockito.ResetMocksTestExecutionListener, org.springframework.test.context.web.ServletTestExecutionListener, org.springframework.test.context.support.DirtiesContextBeforeModesTestExecutionListener, org.springframework.test.context.support.DependencyInjectionTestExecutionListener, org.springframework.test.context.support.DirtiesContextTestExecutionListener, org.springframework.test.context.transaction.TransactionalTestExecutionListener, org.springframework.test.context.jdbc.SqlScriptsTestExecutionListener]
2019-07-04 10:35:23.256  INFO 18418 --- [    Test worker] .b.t.c.SpringBootTestContextBootstrapper : Using TestExecutionListeners: [org.springframework.test.context.web.ServletTestExecutionListener@33565c0d, org.springframework.test.context.support.DirtiesContextBeforeModesTestExecutionListener@29657cf4, org.springframework.boot.test.mock.mockito.MockitoTestExecutionListener@5fb8d4d3, org.springframework.boot.test.autoconfigure.SpringBootDependencyInjectionTestExecutionListener@6bdfa126, org.springframework.test.context.support.DirtiesContextTestExecutionListener@6a683e64, org.springframework.test.context.transaction.TransactionalTestExecutionListener@68e87d01, org.springframework.test.context.jdbc.SqlScriptsTestExecutionListener@716f3283, org.springframework.boot.test.autoconfigure.restdocs.RestDocsTestExecutionListener@67af7b19, org.springframework.boot.test.autoconfigure.web.client.MockRestServiceServerResetTestExecutionListener@4c9ff296, org.springframework.boot.test.autoconfigure.web.servlet.MockMvcPrintOnlyOnFailureTestExecutionListener@67349e71, org.springframework.boot.test.autoconfigure.web.servlet.WebDriverTestExecutionListener@6fc7433e, org.springframework.boot.test.mock.mockito.ResetMocksTestExecutionListener@73ac8a6c]
2019-07-04 10:35:23.261  INFO 18418 --- [    Test worker] o.s.t.c.transaction.TransactionContext   : Began transaction (1) for test context [DefaultTestContext@12dddacc testClass = CustomerIntegrationRepositoryTest, testInstance = com.innowise.coordination.repository.CustomerIntegrationRepositoryTest@4227a955, testMethod = testFindAll@AbstractIntegrationRepositoryTest, testException = [null], mergedContextConfiguration = [WebMergedContextConfiguration@6685388d testClass = CustomerIntegrationRepositoryTest, locations = '{}', classes = '{class com.innowise.coordination.CoordinationApplication, class com.innowise.coordination.CoordinationApplication}', contextInitializerClasses = '[]', activeProfiles = '{test}', propertySourceLocations = '{}', propertySourceProperties = '{org.springframework.boot.test.context.SpringBootTestContextBootstrapper=true}', contextCustomizers = set[org.springframework.boot.test.autoconfigure.properties.PropertyMappingContextCustomizer@0, org.springframework.boot.test.autoconfigure.web.servlet.WebDriverContextCustomizerFactory$Customizer@5c94e77a, org.springframework.boot.test.context.filter.ExcludeFilterContextCustomizer@6eae0dcf, org.springframework.boot.test.json.DuplicateJsonObjectContextCustomizerFactory$DuplicateJsonObjectContextCustomizer@735cc746, org.springframework.boot.test.mock.mockito.MockitoContextCustomizer@0, org.springframework.boot.test.web.client.TestRestTemplateContextCustomizer@4ce1a62a], resourceBasePath = 'src/main/webapp', contextLoader = 'org.springframework.boot.test.context.SpringBootContextLoader', parent = [null]], attributes = map['org.springframework.test.context.web.ServletTestExecutionListener.activateListener' -> true, 'org.springframework.test.context.web.ServletTestExecutionListener.populatedRequestContextHolder' -> true, 'org.springframework.test.context.web.ServletTestExecutionListener.resetRequestContextHolder' -> true]]; transaction manager [org.springframework.orm.jpa.JpaTransactionManager@54411b60]; rollback [true]
2019-07-04 10:35:23.270  INFO 18418 --- [    Test worker] o.s.t.c.transaction.TransactionContext   : Rolled back transaction for test: [DefaultTestContext@12dddacc testClass = CustomerIntegrationRepositoryTest, testInstance = com.innowise.coordination.repository.CustomerIntegrationRepositoryTest@4227a955, testMethod = testFindAll@AbstractIntegrationRepositoryTest, testException = [null], mergedContextConfiguration = [WebMergedContextConfiguration@6685388d testClass = CustomerIntegrationRepositoryTest, locations = '{}', classes = '{class com.innowise.coordination.CoordinationApplication, class com.innowise.coordination.CoordinationApplication}', contextInitializerClasses = '[]', activeProfiles = '{test}', propertySourceLocations = '{}', propertySourceProperties = '{org.springframework.boot.test.context.SpringBootTestContextBootstrapper=true}', contextCustomizers = set[org.springframework.boot.test.autoconfigure.properties.PropertyMappingContextCustomizer@0, org.springframework.boot.test.autoconfigure.web.servlet.WebDriverContextCustomizerFactory$Customizer@5c94e77a, org.springframework.boot.test.context.filter.ExcludeFilterContextCustomizer@6eae0dcf, org.springframework.boot.test.json.DuplicateJsonObjectContextCustomizerFactory$DuplicateJsonObjectContextCustomizer@735cc746, org.springframework.boot.test.mock.mockito.MockitoContextCustomizer@0, org.springframework.boot.test.web.client.TestRestTemplateContextCustomizer@4ce1a62a], resourceBasePath = 'src/main/webapp', contextLoader = 'org.springframework.boot.test.context.SpringBootContextLoader', parent = [null]], attributes = map['org.springframework.test.context.web.ServletTestExecutionListener.activateListener' -> true, 'org.springframework.test.context.web.ServletTestExecutionListener.populatedRequestContextHolder' -> true, 'org.springframework.test.context.web.ServletTestExecutionListener.resetRequestContextHolder' -> true]]
2019-07-04 10:35:23.271  INFO 18418 --- [    Test worker] o.s.t.c.transaction.TransactionContext   : Began transaction (1) for test context [DefaultTestContext@12dddacc testClass = CustomerIntegrationRepositoryTest, testInstance = com.innowise.coordination.repository.CustomerIntegrationRepositoryTest@7640229e, testMethod = testSave@AbstractIntegrationRepositoryTest, testException = [null], mergedContextConfiguration = [WebMergedContextConfiguration@6685388d testClass = CustomerIntegrationRepositoryTest, locations = '{}', classes = '{class com.innowise.coordination.CoordinationApplication, class com.innowise.coordination.CoordinationApplication}', contextInitializerClasses = '[]', activeProfiles = '{test}', propertySourceLocations = '{}', propertySourceProperties = '{org.springframework.boot.test.context.SpringBootTestContextBootstrapper=true}', contextCustomizers = set[org.springframework.boot.test.autoconfigure.properties.PropertyMappingContextCustomizer@0, org.springframework.boot.test.autoconfigure.web.servlet.WebDriverContextCustomizerFactory$Customizer@5c94e77a, org.springframework.boot.test.context.filter.ExcludeFilterContextCustomizer@6eae0dcf, org.springframework.boot.test.json.DuplicateJsonObjectContextCustomizerFactory$DuplicateJsonObjectContextCustomizer@735cc746, org.springframework.boot.test.mock.mockito.MockitoContextCustomizer@0, org.springframework.boot.test.web.client.TestRestTemplateContextCustomizer@4ce1a62a], resourceBasePath = 'src/main/webapp', contextLoader = 'org.springframework.boot.test.context.SpringBootContextLoader', parent = [null]], attributes = map['org.springframework.test.context.web.ServletTestExecutionListener.activateListener' -> true, 'org.springframework.test.context.web.ServletTestExecutionListener.populatedRequestContextHolder' -> true, 'org.springframework.test.context.web.ServletTestExecutionListener.resetRequestContextHolder' -> true]]; transaction manager [org.springframework.orm.jpa.JpaTransactionManager@54411b60]; rollback [true]
2019-07-04 10:35:23.275  INFO 18418 --- [    Test worker] o.s.t.c.transaction.TransactionContext   : Rolled back transaction for test: [DefaultTestContext@12dddacc testClass = CustomerIntegrationRepositoryTest, testInstance = com.innowise.coordination.repository.CustomerIntegrationRepositoryTest@7640229e, testMethod = testSave@AbstractIntegrationRepositoryTest, testException = [null], mergedContextConfiguration = [WebMergedContextConfiguration@6685388d testClass = CustomerIntegrationRepositoryTest, locations = '{}', classes = '{class com.innowise.coordination.CoordinationApplication, class com.innowise.coordination.CoordinationApplication}', contextInitializerClasses = '[]', activeProfiles = '{test}', propertySourceLocations = '{}', propertySourceProperties = '{org.springframework.boot.test.context.SpringBootTestContextBootstrapper=true}', contextCustomizers = set[org.springframework.boot.test.autoconfigure.properties.PropertyMappingContextCustomizer@0, org.springframework.boot.test.autoconfigure.web.servlet.WebDriverContextCustomizerFactory$Customizer@5c94e77a, org.springframework.boot.test.context.filter.ExcludeFilterContextCustomizer@6eae0dcf, org.springframework.boot.test.json.DuplicateJsonObjectContextCustomizerFactory$DuplicateJsonObjectContextCustomizer@735cc746, org.springframework.boot.test.mock.mockito.MockitoContextCustomizer@0, org.springframework.boot.test.web.client.TestRestTemplateContextCustomizer@4ce1a62a], resourceBasePath = 'src/main/webapp', contextLoader = 'org.springframework.boot.test.context.SpringBootContextLoader', parent = [null]], attributes = map['org.springframework.test.context.web.ServletTestExecutionListener.activateListener' -> true, 'org.springframework.test.context.web.ServletTestExecutionListener.populatedRequestContextHolder' -> true, 'org.springframework.test.context.web.ServletTestExecutionListener.resetRequestContextHolder' -> true]]
2019-07-04 10:35:23.276  INFO 18418 --- [    Test worker] o.s.t.c.transaction.TransactionContext   : Began transaction (1) for test context [DefaultTestContext@12dddacc testClass = CustomerIntegrationRepositoryTest, testInstance = com.innowise.coordination.repository.CustomerIntegrationRepositoryTest@212a465a, testMethod = testFindById@AbstractIntegrationRepositoryTest, testException = [null], mergedContextConfiguration = [WebMergedContextConfiguration@6685388d testClass = CustomerIntegrationRepositoryTest, locations = '{}', classes = '{class com.innowise.coordination.CoordinationApplication, class com.innowise.coordination.CoordinationApplication}', contextInitializerClasses = '[]', activeProfiles = '{test}', propertySourceLocations = '{}', propertySourceProperties = '{org.springframework.boot.test.context.SpringBootTestContextBootstrapper=true}', contextCustomizers = set[org.springframework.boot.test.autoconfigure.properties.PropertyMappingContextCustomizer@0, org.springframework.boot.test.autoconfigure.web.servlet.WebDriverContextCustomizerFactory$Customizer@5c94e77a, org.springframework.boot.test.context.filter.ExcludeFilterContextCustomizer@6eae0dcf, org.springframework.boot.test.json.DuplicateJsonObjectContextCustomizerFactory$DuplicateJsonObjectContextCustomizer@735cc746, org.springframework.boot.test.mock.mockito.MockitoContextCustomizer@0, org.springframework.boot.test.web.client.TestRestTemplateContextCustomizer@4ce1a62a], resourceBasePath = 'src/main/webapp', contextLoader = 'org.springframework.boot.test.context.SpringBootContextLoader', parent = [null]], attributes = map['org.springframework.test.context.web.ServletTestExecutionListener.activateListener' -> true, 'org.springframework.test.context.web.ServletTestExecutionListener.populatedRequestContextHolder' -> true, 'org.springframework.test.context.web.ServletTestExecutionListener.resetRequestContextHolder' -> true]]; transaction manager [org.springframework.orm.jpa.JpaTransactionManager@54411b60]; rollback [true]
2019-07-04 10:35:23.283  INFO 18418 --- [    Test worker] o.s.t.c.transaction.TransactionContext   : Rolled back transaction for test: [DefaultTestContext@12dddacc testClass = CustomerIntegrationRepositoryTest, testInstance = com.innowise.coordination.repository.CustomerIntegrationRepositoryTest@212a465a, testMethod = testFindById@AbstractIntegrationRepositoryTest, testException = [null], mergedContextConfiguration = [WebMergedContextConfiguration@6685388d testClass = CustomerIntegrationRepositoryTest, locations = '{}', classes = '{class com.innowise.coordination.CoordinationApplication, class com.innowise.coordination.CoordinationApplication}', contextInitializerClasses = '[]', activeProfiles = '{test}', propertySourceLocations = '{}', propertySourceProperties = '{org.springframework.boot.test.context.SpringBootTestContextBootstrapper=true}', contextCustomizers = set[org.springframework.boot.test.autoconfigure.properties.PropertyMappingContextCustomizer@0, org.springframework.boot.test.autoconfigure.web.servlet.WebDriverContextCustomizerFactory$Customizer@5c94e77a, org.springframework.boot.test.context.filter.ExcludeFilterContextCustomizer@6eae0dcf, org.springframework.boot.test.json.DuplicateJsonObjectContextCustomizerFactory$DuplicateJsonObjectContextCustomizer@735cc746, org.springframework.boot.test.mock.mockito.MockitoContextCustomizer@0, org.springframework.boot.test.web.client.TestRestTemplateContextCustomizer@4ce1a62a], resourceBasePath = 'src/main/webapp', contextLoader = 'org.springframework.boot.test.context.SpringBootContextLoader', parent = [null]], attributes = map['org.springframework.test.context.web.ServletTestExecutionListener.activateListener' -> true, 'org.springframework.test.context.web.ServletTestExecutionListener.populatedRequestContextHolder' -> true, 'org.springframework.test.context.web.ServletTestExecutionListener.resetRequestContextHolder' -> true]]
2019-07-04 10:35:23.284  INFO 18418 --- [    Test worker] o.s.t.c.transaction.TransactionContext   : Began transaction (1) for test context [DefaultTestContext@12dddacc testClass = CustomerIntegrationRepositoryTest, testInstance = com.innowise.coordination.repository.CustomerIntegrationRepositoryTest@1a035629, testMethod = testDeleteAll@AbstractIntegrationRepositoryTest, testException = [null], mergedContextConfiguration = [WebMergedContextConfiguration@6685388d testClass = CustomerIntegrationRepositoryTest, locations = '{}', classes = '{class com.innowise.coordination.CoordinationApplication, class com.innowise.coordination.CoordinationApplication}', contextInitializerClasses = '[]', activeProfiles = '{test}', propertySourceLocations = '{}', propertySourceProperties = '{org.springframework.boot.test.context.SpringBootTestContextBootstrapper=true}', contextCustomizers = set[org.springframework.boot.test.autoconfigure.properties.PropertyMappingContextCustomizer@0, org.springframework.boot.test.autoconfigure.web.servlet.WebDriverContextCustomizerFactory$Customizer@5c94e77a, org.springframework.boot.test.context.filter.ExcludeFilterContextCustomizer@6eae0dcf, org.springframework.boot.test.json.DuplicateJsonObjectContextCustomizerFactory$DuplicateJsonObjectContextCustomizer@735cc746, org.springframework.boot.test.mock.mockito.MockitoContextCustomizer@0, org.springframework.boot.test.web.client.TestRestTemplateContextCustomizer@4ce1a62a], resourceBasePath = 'src/main/webapp', contextLoader = 'org.springframework.boot.test.context.SpringBootContextLoader', parent = [null]], attributes = map['org.springframework.test.context.web.ServletTestExecutionListener.activateListener' -> true, 'org.springframework.test.context.web.ServletTestExecutionListener.populatedRequestContextHolder' -> true, 'org.springframework.test.context.web.ServletTestExecutionListener.resetRequestContextHolder' -> true]]; transaction manager [org.springframework.orm.jpa.JpaTransactionManager@54411b60]; rollback [true]
2019-07-04 10:35:23.290  INFO 18418 --- [    Test worker] o.s.t.c.transaction.TransactionContext   : Rolled back transaction for test: [DefaultTestContext@12dddacc testClass = CustomerIntegrationRepositoryTest, testInstance = com.innowise.coordination.repository.CustomerIntegrationRepositoryTest@1a035629, testMethod = testDeleteAll@AbstractIntegrationRepositoryTest, testException = [null], mergedContextConfiguration = [WebMergedContextConfiguration@6685388d testClass = CustomerIntegrationRepositoryTest, locations = '{}', classes = '{class com.innowise.coordination.CoordinationApplication, class com.innowise.coordination.CoordinationApplication}', contextInitializerClasses = '[]', activeProfiles = '{test}', propertySourceLocations = '{}', propertySourceProperties = '{org.springframework.boot.test.context.SpringBootTestContextBootstrapper=true}', contextCustomizers = set[org.springframework.boot.test.autoconfigure.properties.PropertyMappingContextCustomizer@0, org.springframework.boot.test.autoconfigure.web.servlet.WebDriverContextCustomizerFactory$Customizer@5c94e77a, org.springframework.boot.test.context.filter.ExcludeFilterContextCustomizer@6eae0dcf, org.springframework.boot.test.json.DuplicateJsonObjectContextCustomizerFactory$DuplicateJsonObjectContextCustomizer@735cc746, org.springframework.boot.test.mock.mockito.MockitoContextCustomizer@0, org.springframework.boot.test.web.client.TestRestTemplateContextCustomizer@4ce1a62a], resourceBasePath = 'src/main/webapp', contextLoader = 'org.springframework.boot.test.context.SpringBootContextLoader', parent = [null]], attributes = map['org.springframework.test.context.web.ServletTestExecutionListener.activateListener' -> true, 'org.springframework.test.context.web.ServletTestExecutionListener.populatedRequestContextHolder' -> true, 'org.springframework.test.context.web.ServletTestExecutionListener.resetRequestContextHolder' -> true]]
2019-07-04 10:35:23.291  INFO 18418 --- [    Test worker] o.s.t.c.transaction.TransactionContext   : Began transaction (1) for test context [DefaultTestContext@12dddacc testClass = CustomerIntegrationRepositoryTest, testInstance = com.innowise.coordination.repository.CustomerIntegrationRepositoryTest@50274b9c, testMethod = testDeleteById@AbstractIntegrationRepositoryTest, testException = [null], mergedContextConfiguration = [WebMergedContextConfiguration@6685388d testClass = CustomerIntegrationRepositoryTest, locations = '{}', classes = '{class com.innowise.coordination.CoordinationApplication, class com.innowise.coordination.CoordinationApplication}', contextInitializerClasses = '[]', activeProfiles = '{test}', propertySourceLocations = '{}', propertySourceProperties = '{org.springframework.boot.test.context.SpringBootTestContextBootstrapper=true}', contextCustomizers = set[org.springframework.boot.test.autoconfigure.properties.PropertyMappingContextCustomizer@0, org.springframework.boot.test.autoconfigure.web.servlet.WebDriverContextCustomizerFactory$Customizer@5c94e77a, org.springframework.boot.test.context.filter.ExcludeFilterContextCustomizer@6eae0dcf, org.springframework.boot.test.json.DuplicateJsonObjectContextCustomizerFactory$DuplicateJsonObjectContextCustomizer@735cc746, org.springframework.boot.test.mock.mockito.MockitoContextCustomizer@0, org.springframework.boot.test.web.client.TestRestTemplateContextCustomizer@4ce1a62a], resourceBasePath = 'src/main/webapp', contextLoader = 'org.springframework.boot.test.context.SpringBootContextLoader', parent = [null]], attributes = map['org.springframework.test.context.web.ServletTestExecutionListener.activateListener' -> true, 'org.springframework.test.context.web.ServletTestExecutionListener.populatedRequestContextHolder' -> true, 'org.springframework.test.context.web.ServletTestExecutionListener.resetRequestContextHolder' -> true]]; transaction manager [org.springframework.orm.jpa.JpaTransactionManager@54411b60]; rollback [true]
2019-07-04 10:35:23.297  INFO 18418 --- [    Test worker] o.s.t.c.transaction.TransactionContext   : Rolled back transaction for test: [DefaultTestContext@12dddacc testClass = CustomerIntegrationRepositoryTest, testInstance = com.innowise.coordination.repository.CustomerIntegrationRepositoryTest@50274b9c, testMethod = testDeleteById@AbstractIntegrationRepositoryTest, testException = [null], mergedContextConfiguration = [WebMergedContextConfiguration@6685388d testClass = CustomerIntegrationRepositoryTest, locations = '{}', classes = '{class com.innowise.coordination.CoordinationApplication, class com.innowise.coordination.CoordinationApplication}', contextInitializerClasses = '[]', activeProfiles = '{test}', propertySourceLocations = '{}', propertySourceProperties = '{org.springframework.boot.test.context.SpringBootTestContextBootstrapper=true}', contextCustomizers = set[org.springframework.boot.test.autoconfigure.properties.PropertyMappingContextCustomizer@0, org.springframework.boot.test.autoconfigure.web.servlet.WebDriverContextCustomizerFactory$Customizer@5c94e77a, org.springframework.boot.test.context.filter.ExcludeFilterContextCustomizer@6eae0dcf, org.springframework.boot.test.json.DuplicateJsonObjectContextCustomizerFactory$DuplicateJsonObjectContextCustomizer@735cc746, org.springframework.boot.test.mock.mockito.MockitoContextCustomizer@0, org.springframework.boot.test.web.client.TestRestTemplateContextCustomizer@4ce1a62a], resourceBasePath = 'src/main/webapp', contextLoader = 'org.springframework.boot.test.context.SpringBootContextLoader', parent = [null]], attributes = map['org.springframework.test.context.web.ServletTestExecutionListener.activateListener' -> true, 'org.springframework.test.context.web.ServletTestExecutionListener.populatedRequestContextHolder' -> true, 'org.springframework.test.context.web.ServletTestExecutionListener.resetRequestContextHolder' -> true]]
2019-07-04 10:35:23.298  INFO 18418 --- [    Test worker] o.s.t.c.transaction.TransactionContext   : Began transaction (1) for test context [DefaultTestContext@12dddacc testClass = CustomerIntegrationRepositoryTest, testInstance = com.innowise.coordination.repository.CustomerIntegrationRepositoryTest@352f43bd, testMethod = testUpdate@AbstractIntegrationRepositoryTest, testException = [null], mergedContextConfiguration = [WebMergedContextConfiguration@6685388d testClass = CustomerIntegrationRepositoryTest, locations = '{}', classes = '{class com.innowise.coordination.CoordinationApplication, class com.innowise.coordination.CoordinationApplication}', contextInitializerClasses = '[]', activeProfiles = '{test}', propertySourceLocations = '{}', propertySourceProperties = '{org.springframework.boot.test.context.SpringBootTestContextBootstrapper=true}', contextCustomizers = set[org.springframework.boot.test.autoconfigure.properties.PropertyMappingContextCustomizer@0, org.springframework.boot.test.autoconfigure.web.servlet.WebDriverContextCustomizerFactory$Customizer@5c94e77a, org.springframework.boot.test.context.filter.ExcludeFilterContextCustomizer@6eae0dcf, org.springframework.boot.test.json.DuplicateJsonObjectContextCustomizerFactory$DuplicateJsonObjectContextCustomizer@735cc746, org.springframework.boot.test.mock.mockito.MockitoContextCustomizer@0, org.springframework.boot.test.web.client.TestRestTemplateContextCustomizer@4ce1a62a], resourceBasePath = 'src/main/webapp', contextLoader = 'org.springframework.boot.test.context.SpringBootContextLoader', parent = [null]], attributes = map['org.springframework.test.context.web.ServletTestExecutionListener.activateListener' -> true, 'org.springframework.test.context.web.ServletTestExecutionListener.populatedRequestContextHolder' -> true, 'org.springframework.test.context.web.ServletTestExecutionListener.resetRequestContextHolder' -> true]]; transaction manager [org.springframework.orm.jpa.JpaTransactionManager@54411b60]; rollback [true]
2019-07-04 10:35:23.301  INFO 18418 --- [    Test worker] o.s.t.c.transaction.TransactionContext   : Rolled back transaction for test: [DefaultTestContext@12dddacc testClass = CustomerIntegrationRepositoryTest, testInstance = com.innowise.coordination.repository.CustomerIntegrationRepositoryTest@352f43bd, testMethod = testUpdate@AbstractIntegrationRepositoryTest, testException = [null], mergedContextConfiguration = [WebMergedContextConfiguration@6685388d testClass = CustomerIntegrationRepositoryTest, locations = '{}', classes = '{class com.innowise.coordination.CoordinationApplication, class com.innowise.coordination.CoordinationApplication}', contextInitializerClasses = '[]', activeProfiles = '{test}', propertySourceLocations = '{}', propertySourceProperties = '{org.springframework.boot.test.context.SpringBootTestContextBootstrapper=true}', contextCustomizers = set[org.springframework.boot.test.autoconfigure.properties.PropertyMappingContextCustomizer@0, org.springframework.boot.test.autoconfigure.web.servlet.WebDriverContextCustomizerFactory$Customizer@5c94e77a, org.springframework.boot.test.context.filter.ExcludeFilterContextCustomizer@6eae0dcf, org.springframework.boot.test.json.DuplicateJsonObjectContextCustomizerFactory$DuplicateJsonObjectContextCustomizer@735cc746, org.springframework.boot.test.mock.mockito.MockitoContextCustomizer@0, org.springframework.boot.test.web.client.TestRestTemplateContextCustomizer@4ce1a62a], resourceBasePath = 'src/main/webapp', contextLoader = 'org.springframework.boot.test.context.SpringBootContextLoader', parent = [null]], attributes = map['org.springframework.test.context.web.ServletTestExecutionListener.activateListener' -> true, 'org.springframework.test.context.web.ServletTestExecutionListener.populatedRequestContextHolder' -> true, 'org.springframework.test.context.web.ServletTestExecutionListener.resetRequestContextHolder' -> true]]
]]></system-out>
  <system-err><![CDATA[]]></system-err>
</testsuite>
