<?xml version="1.0" encoding="UTF-8"?>
<testsuite name="com.innowise.coordination.repository.ProjectPositionEmployeeIntegrationRepositoryTest" tests="6" skipped="0" failures="0" errors="0" timestamp="2019-07-04T07:35:23" hostname="212JS" time="0.036">
  <properties/>
  <testcase name="testFindAll" classname="com.innowise.coordination.repository.ProjectPositionEmployeeIntegrationRepositoryTest" time="0.01"/>
  <testcase name="testSave" classname="com.innowise.coordination.repository.ProjectPositionEmployeeIntegrationRepositoryTest" time="0.003"/>
  <testcase name="testFindById" classname="com.innowise.coordination.repository.ProjectPositionEmployeeIntegrationRepositoryTest" time="0.006"/>
  <testcase name="testDeleteAll" classname="com.innowise.coordination.repository.ProjectPositionEmployeeIntegrationRepositoryTest" time="0.006"/>
  <testcase name="testDeleteById" classname="com.innowise.coordination.repository.ProjectPositionEmployeeIntegrationRepositoryTest" time="0.005"/>
  <testcase name="testUpdate" classname="com.innowise.coordination.repository.ProjectPositionEmployeeIntegrationRepositoryTest" time="0.003"/>
  <system-out><![CDATA[2019-07-04 10:35:23.343  INFO 18418 --- [    Test worker] .b.t.c.SpringBootTestContextBootstrapper : Neither @ContextConfiguration nor @ContextHierarchy found for test class [com.innowise.coordination.repository.ProjectPositionEmployeeIntegrationRepositoryTest], using SpringBootContextLoader
2019-07-04 10:35:23.343  INFO 18418 --- [    Test worker] o.s.t.c.support.AbstractContextLoader    : Could not detect default resource locations for test class [com.innowise.coordination.repository.ProjectPositionEmployeeIntegrationRepositoryTest]: no resource found for suffixes {-context.xml, Context.groovy}.
2019-07-04 10:35:23.345  INFO 18418 --- [    Test worker] .b.t.c.SpringBootTestContextBootstrapper : Loaded default TestExecutionListener class names from location [META-INF/spring.factories]: [org.springframework.boot.test.autoconfigure.restdocs.RestDocsTestExecutionListener, org.springframework.boot.test.autoconfigure.web.client.MockRestServiceServerResetTestExecutionListener, org.springframework.boot.test.autoconfigure.web.servlet.MockMvcPrintOnlyOnFailureTestExecutionListener, org.springframework.boot.test.autoconfigure.web.servlet.WebDriverTestExecutionListener, org.springframework.boot.test.mock.mockito.MockitoTestExecutionListener, org.springframework.boot.test.mock.mockito.ResetMocksTestExecutionListener, org.springframework.test.context.web.ServletTestExecutionListener, org.springframework.test.context.support.DirtiesContextBeforeModesTestExecutionListener, org.springframework.test.context.support.DependencyInjectionTestExecutionListener, org.springframework.test.context.support.DirtiesContextTestExecutionListener, org.springframework.test.context.transaction.TransactionalTestExecutionListener, org.springframework.test.context.jdbc.SqlScriptsTestExecutionListener]
2019-07-04 10:35:23.346  INFO 18418 --- [    Test worker] .b.t.c.SpringBootTestContextBootstrapper : Using TestExecutionListeners: [org.springframework.test.context.web.ServletTestExecutionListener@5a05ab5, org.springframework.test.context.support.DirtiesContextBeforeModesTestExecutionListener@6f3a8d84, org.springframework.boot.test.mock.mockito.MockitoTestExecutionListener@5bafee02, org.springframework.boot.test.autoconfigure.SpringBootDependencyInjectionTestExecutionListener@79176c1a, org.springframework.test.context.support.DirtiesContextTestExecutionListener@7ee5e47f, org.springframework.test.context.transaction.TransactionalTestExecutionListener@4588008a, org.springframework.test.context.jdbc.SqlScriptsTestExecutionListener@61f339c7, org.springframework.boot.test.autoconfigure.restdocs.RestDocsTestExecutionListener@2346fe5f, org.springframework.boot.test.autoconfigure.web.client.MockRestServiceServerResetTestExecutionListener@72513054, org.springframework.boot.test.autoconfigure.web.servlet.MockMvcPrintOnlyOnFailureTestExecutionListener@7758e2c4, org.springframework.boot.test.autoconfigure.web.servlet.WebDriverTestExecutionListener@f9dc0e9, org.springframework.boot.test.mock.mockito.ResetMocksTestExecutionListener@1bbd7343]
2019-07-04 10:35:23.349  INFO 18418 --- [    Test worker] o.s.t.c.transaction.TransactionContext   : Began transaction (1) for test context [DefaultTestContext@41c7e182 testClass = ProjectPositionEmployeeIntegrationRepositoryTest, testInstance = com.innowise.coordination.repository.ProjectPositionEmployeeIntegrationRepositoryTest@884d0e9, testMethod = testFindAll@AbstractIntegrationRepositoryTest, testException = [null], mergedContextConfiguration = [WebMergedContextConfiguration@57da69e testClass = ProjectPositionEmployeeIntegrationRepositoryTest, locations = '{}', classes = '{class com.innowise.coordination.CoordinationApplication, class com.innowise.coordination.CoordinationApplication}', contextInitializerClasses = '[]', activeProfiles = '{test}', propertySourceLocations = '{}', propertySourceProperties = '{org.springframework.boot.test.context.SpringBootTestContextBootstrapper=true}', contextCustomizers = set[org.springframework.boot.test.autoconfigure.properties.PropertyMappingContextCustomizer@0, org.springframework.boot.test.autoconfigure.web.servlet.WebDriverContextCustomizerFactory$Customizer@5c94e77a, org.springframework.boot.test.context.filter.ExcludeFilterContextCustomizer@6eae0dcf, org.springframework.boot.test.json.DuplicateJsonObjectContextCustomizerFactory$DuplicateJsonObjectContextCustomizer@735cc746, org.springframework.boot.test.mock.mockito.MockitoContextCustomizer@0, org.springframework.boot.test.web.client.TestRestTemplateContextCustomizer@4ce1a62a], resourceBasePath = 'src/main/webapp', contextLoader = 'org.springframework.boot.test.context.SpringBootContextLoader', parent = [null]], attributes = map['org.springframework.test.context.web.ServletTestExecutionListener.activateListener' -> true, 'org.springframework.test.context.web.ServletTestExecutionListener.populatedRequestContextHolder' -> true, 'org.springframework.test.context.web.ServletTestExecutionListener.resetRequestContextHolder' -> true]]; transaction manager [org.springframework.orm.jpa.JpaTransactionManager@54411b60]; rollback [true]
2019-07-04 10:35:23.358  INFO 18418 --- [    Test worker] o.s.t.c.transaction.TransactionContext   : Rolled back transaction for test: [DefaultTestContext@41c7e182 testClass = ProjectPositionEmployeeIntegrationRepositoryTest, testInstance = com.innowise.coordination.repository.ProjectPositionEmployeeIntegrationRepositoryTest@884d0e9, testMethod = testFindAll@AbstractIntegrationRepositoryTest, testException = [null], mergedContextConfiguration = [WebMergedContextConfiguration@57da69e testClass = ProjectPositionEmployeeIntegrationRepositoryTest, locations = '{}', classes = '{class com.innowise.coordination.CoordinationApplication, class com.innowise.coordination.CoordinationApplication}', contextInitializerClasses = '[]', activeProfiles = '{test}', propertySourceLocations = '{}', propertySourceProperties = '{org.springframework.boot.test.context.SpringBootTestContextBootstrapper=true}', contextCustomizers = set[org.springframework.boot.test.autoconfigure.properties.PropertyMappingContextCustomizer@0, org.springframework.boot.test.autoconfigure.web.servlet.WebDriverContextCustomizerFactory$Customizer@5c94e77a, org.springframework.boot.test.context.filter.ExcludeFilterContextCustomizer@6eae0dcf, org.springframework.boot.test.json.DuplicateJsonObjectContextCustomizerFactory$DuplicateJsonObjectContextCustomizer@735cc746, org.springframework.boot.test.mock.mockito.MockitoContextCustomizer@0, org.springframework.boot.test.web.client.TestRestTemplateContextCustomizer@4ce1a62a], resourceBasePath = 'src/main/webapp', contextLoader = 'org.springframework.boot.test.context.SpringBootContextLoader', parent = [null]], attributes = map['org.springframework.test.context.web.ServletTestExecutionListener.activateListener' -> true, 'org.springframework.test.context.web.ServletTestExecutionListener.populatedRequestContextHolder' -> true, 'org.springframework.test.context.web.ServletTestExecutionListener.resetRequestContextHolder' -> true]]
2019-07-04 10:35:23.359  INFO 18418 --- [    Test worker] o.s.t.c.transaction.TransactionContext   : Began transaction (1) for test context [DefaultTestContext@41c7e182 testClass = ProjectPositionEmployeeIntegrationRepositoryTest, testInstance = com.innowise.coordination.repository.ProjectPositionEmployeeIntegrationRepositoryTest@30268cc1, testMethod = testSave@AbstractIntegrationRepositoryTest, testException = [null], mergedContextConfiguration = [WebMergedContextConfiguration@57da69e testClass = ProjectPositionEmployeeIntegrationRepositoryTest, locations = '{}', classes = '{class com.innowise.coordination.CoordinationApplication, class com.innowise.coordination.CoordinationApplication}', contextInitializerClasses = '[]', activeProfiles = '{test}', propertySourceLocations = '{}', propertySourceProperties = '{org.springframework.boot.test.context.SpringBootTestContextBootstrapper=true}', contextCustomizers = set[org.springframework.boot.test.autoconfigure.properties.PropertyMappingContextCustomizer@0, org.springframework.boot.test.autoconfigure.web.servlet.WebDriverContextCustomizerFactory$Customizer@5c94e77a, org.springframework.boot.test.context.filter.ExcludeFilterContextCustomizer@6eae0dcf, org.springframework.boot.test.json.DuplicateJsonObjectContextCustomizerFactory$DuplicateJsonObjectContextCustomizer@735cc746, org.springframework.boot.test.mock.mockito.MockitoContextCustomizer@0, org.springframework.boot.test.web.client.TestRestTemplateContextCustomizer@4ce1a62a], resourceBasePath = 'src/main/webapp', contextLoader = 'org.springframework.boot.test.context.SpringBootContextLoader', parent = [null]], attributes = map['org.springframework.test.context.web.ServletTestExecutionListener.activateListener' -> true, 'org.springframework.test.context.web.ServletTestExecutionListener.populatedRequestContextHolder' -> true, 'org.springframework.test.context.web.ServletTestExecutionListener.resetRequestContextHolder' -> true]]; transaction manager [org.springframework.orm.jpa.JpaTransactionManager@54411b60]; rollback [true]
2019-07-04 10:35:23.361  INFO 18418 --- [    Test worker] o.s.t.c.transaction.TransactionContext   : Rolled back transaction for test: [DefaultTestContext@41c7e182 testClass = ProjectPositionEmployeeIntegrationRepositoryTest, testInstance = com.innowise.coordination.repository.ProjectPositionEmployeeIntegrationRepositoryTest@30268cc1, testMethod = testSave@AbstractIntegrationRepositoryTest, testException = [null], mergedContextConfiguration = [WebMergedContextConfiguration@57da69e testClass = ProjectPositionEmployeeIntegrationRepositoryTest, locations = '{}', classes = '{class com.innowise.coordination.CoordinationApplication, class com.innowise.coordination.CoordinationApplication}', contextInitializerClasses = '[]', activeProfiles = '{test}', propertySourceLocations = '{}', propertySourceProperties = '{org.springframework.boot.test.context.SpringBootTestContextBootstrapper=true}', contextCustomizers = set[org.springframework.boot.test.autoconfigure.properties.PropertyMappingContextCustomizer@0, org.springframework.boot.test.autoconfigure.web.servlet.WebDriverContextCustomizerFactory$Customizer@5c94e77a, org.springframework.boot.test.context.filter.ExcludeFilterContextCustomizer@6eae0dcf, org.springframework.boot.test.json.DuplicateJsonObjectContextCustomizerFactory$DuplicateJsonObjectContextCustomizer@735cc746, org.springframework.boot.test.mock.mockito.MockitoContextCustomizer@0, org.springframework.boot.test.web.client.TestRestTemplateContextCustomizer@4ce1a62a], resourceBasePath = 'src/main/webapp', contextLoader = 'org.springframework.boot.test.context.SpringBootContextLoader', parent = [null]], attributes = map['org.springframework.test.context.web.ServletTestExecutionListener.activateListener' -> true, 'org.springframework.test.context.web.ServletTestExecutionListener.populatedRequestContextHolder' -> true, 'org.springframework.test.context.web.ServletTestExecutionListener.resetRequestContextHolder' -> true]]
2019-07-04 10:35:23.362  INFO 18418 --- [    Test worker] o.s.t.c.transaction.TransactionContext   : Began transaction (1) for test context [DefaultTestContext@41c7e182 testClass = ProjectPositionEmployeeIntegrationRepositoryTest, testInstance = com.innowise.coordination.repository.ProjectPositionEmployeeIntegrationRepositoryTest@6d699850, testMethod = testFindById@AbstractIntegrationRepositoryTest, testException = [null], mergedContextConfiguration = [WebMergedContextConfiguration@57da69e testClass = ProjectPositionEmployeeIntegrationRepositoryTest, locations = '{}', classes = '{class com.innowise.coordination.CoordinationApplication, class com.innowise.coordination.CoordinationApplication}', contextInitializerClasses = '[]', activeProfiles = '{test}', propertySourceLocations = '{}', propertySourceProperties = '{org.springframework.boot.test.context.SpringBootTestContextBootstrapper=true}', contextCustomizers = set[org.springframework.boot.test.autoconfigure.properties.PropertyMappingContextCustomizer@0, org.springframework.boot.test.autoconfigure.web.servlet.WebDriverContextCustomizerFactory$Customizer@5c94e77a, org.springframework.boot.test.context.filter.ExcludeFilterContextCustomizer@6eae0dcf, org.springframework.boot.test.json.DuplicateJsonObjectContextCustomizerFactory$DuplicateJsonObjectContextCustomizer@735cc746, org.springframework.boot.test.mock.mockito.MockitoContextCustomizer@0, org.springframework.boot.test.web.client.TestRestTemplateContextCustomizer@4ce1a62a], resourceBasePath = 'src/main/webapp', contextLoader = 'org.springframework.boot.test.context.SpringBootContextLoader', parent = [null]], attributes = map['org.springframework.test.context.web.ServletTestExecutionListener.activateListener' -> true, 'org.springframework.test.context.web.ServletTestExecutionListener.populatedRequestContextHolder' -> true, 'org.springframework.test.context.web.ServletTestExecutionListener.resetRequestContextHolder' -> true]]; transaction manager [org.springframework.orm.jpa.JpaTransactionManager@54411b60]; rollback [true]
2019-07-04 10:35:23.367  INFO 18418 --- [    Test worker] o.s.t.c.transaction.TransactionContext   : Rolled back transaction for test: [DefaultTestContext@41c7e182 testClass = ProjectPositionEmployeeIntegrationRepositoryTest, testInstance = com.innowise.coordination.repository.ProjectPositionEmployeeIntegrationRepositoryTest@6d699850, testMethod = testFindById@AbstractIntegrationRepositoryTest, testException = [null], mergedContextConfiguration = [WebMergedContextConfiguration@57da69e testClass = ProjectPositionEmployeeIntegrationRepositoryTest, locations = '{}', classes = '{class com.innowise.coordination.CoordinationApplication, class com.innowise.coordination.CoordinationApplication}', contextInitializerClasses = '[]', activeProfiles = '{test}', propertySourceLocations = '{}', propertySourceProperties = '{org.springframework.boot.test.context.SpringBootTestContextBootstrapper=true}', contextCustomizers = set[org.springframework.boot.test.autoconfigure.properties.PropertyMappingContextCustomizer@0, org.springframework.boot.test.autoconfigure.web.servlet.WebDriverContextCustomizerFactory$Customizer@5c94e77a, org.springframework.boot.test.context.filter.ExcludeFilterContextCustomizer@6eae0dcf, org.springframework.boot.test.json.DuplicateJsonObjectContextCustomizerFactory$DuplicateJsonObjectContextCustomizer@735cc746, org.springframework.boot.test.mock.mockito.MockitoContextCustomizer@0, org.springframework.boot.test.web.client.TestRestTemplateContextCustomizer@4ce1a62a], resourceBasePath = 'src/main/webapp', contextLoader = 'org.springframework.boot.test.context.SpringBootContextLoader', parent = [null]], attributes = map['org.springframework.test.context.web.ServletTestExecutionListener.activateListener' -> true, 'org.springframework.test.context.web.ServletTestExecutionListener.populatedRequestContextHolder' -> true, 'org.springframework.test.context.web.ServletTestExecutionListener.resetRequestContextHolder' -> true]]
2019-07-04 10:35:23.369  INFO 18418 --- [    Test worker] o.s.t.c.transaction.TransactionContext   : Began transaction (1) for test context [DefaultTestContext@41c7e182 testClass = ProjectPositionEmployeeIntegrationRepositoryTest, testInstance = com.innowise.coordination.repository.ProjectPositionEmployeeIntegrationRepositoryTest@2a668ca0, testMethod = testDeleteAll@AbstractIntegrationRepositoryTest, testException = [null], mergedContextConfiguration = [WebMergedContextConfiguration@57da69e testClass = ProjectPositionEmployeeIntegrationRepositoryTest, locations = '{}', classes = '{class com.innowise.coordination.CoordinationApplication, class com.innowise.coordination.CoordinationApplication}', contextInitializerClasses = '[]', activeProfiles = '{test}', propertySourceLocations = '{}', propertySourceProperties = '{org.springframework.boot.test.context.SpringBootTestContextBootstrapper=true}', contextCustomizers = set[org.springframework.boot.test.autoconfigure.properties.PropertyMappingContextCustomizer@0, org.springframework.boot.test.autoconfigure.web.servlet.WebDriverContextCustomizerFactory$Customizer@5c94e77a, org.springframework.boot.test.context.filter.ExcludeFilterContextCustomizer@6eae0dcf, org.springframework.boot.test.json.DuplicateJsonObjectContextCustomizerFactory$DuplicateJsonObjectContextCustomizer@735cc746, org.springframework.boot.test.mock.mockito.MockitoContextCustomizer@0, org.springframework.boot.test.web.client.TestRestTemplateContextCustomizer@4ce1a62a], resourceBasePath = 'src/main/webapp', contextLoader = 'org.springframework.boot.test.context.SpringBootContextLoader', parent = [null]], attributes = map['org.springframework.test.context.web.ServletTestExecutionListener.activateListener' -> true, 'org.springframework.test.context.web.ServletTestExecutionListener.populatedRequestContextHolder' -> true, 'org.springframework.test.context.web.ServletTestExecutionListener.resetRequestContextHolder' -> true]]; transaction manager [org.springframework.orm.jpa.JpaTransactionManager@54411b60]; rollback [true]
2019-07-04 10:35:23.374  INFO 18418 --- [    Test worker] o.s.t.c.transaction.TransactionContext   : Rolled back transaction for test: [DefaultTestContext@41c7e182 testClass = ProjectPositionEmployeeIntegrationRepositoryTest, testInstance = com.innowise.coordination.repository.ProjectPositionEmployeeIntegrationRepositoryTest@2a668ca0, testMethod = testDeleteAll@AbstractIntegrationRepositoryTest, testException = [null], mergedContextConfiguration = [WebMergedContextConfiguration@57da69e testClass = ProjectPositionEmployeeIntegrationRepositoryTest, locations = '{}', classes = '{class com.innowise.coordination.CoordinationApplication, class com.innowise.coordination.CoordinationApplication}', contextInitializerClasses = '[]', activeProfiles = '{test}', propertySourceLocations = '{}', propertySourceProperties = '{org.springframework.boot.test.context.SpringBootTestContextBootstrapper=true}', contextCustomizers = set[org.springframework.boot.test.autoconfigure.properties.PropertyMappingContextCustomizer@0, org.springframework.boot.test.autoconfigure.web.servlet.WebDriverContextCustomizerFactory$Customizer@5c94e77a, org.springframework.boot.test.context.filter.ExcludeFilterContextCustomizer@6eae0dcf, org.springframework.boot.test.json.DuplicateJsonObjectContextCustomizerFactory$DuplicateJsonObjectContextCustomizer@735cc746, org.springframework.boot.test.mock.mockito.MockitoContextCustomizer@0, org.springframework.boot.test.web.client.TestRestTemplateContextCustomizer@4ce1a62a], resourceBasePath = 'src/main/webapp', contextLoader = 'org.springframework.boot.test.context.SpringBootContextLoader', parent = [null]], attributes = map['org.springframework.test.context.web.ServletTestExecutionListener.activateListener' -> true, 'org.springframework.test.context.web.ServletTestExecutionListener.populatedRequestContextHolder' -> true, 'org.springframework.test.context.web.ServletTestExecutionListener.resetRequestContextHolder' -> true]]
2019-07-04 10:35:23.375  INFO 18418 --- [    Test worker] o.s.t.c.transaction.TransactionContext   : Began transaction (1) for test context [DefaultTestContext@41c7e182 testClass = ProjectPositionEmployeeIntegrationRepositoryTest, testInstance = com.innowise.coordination.repository.ProjectPositionEmployeeIntegrationRepositoryTest@684dc8e6, testMethod = testDeleteById@AbstractIntegrationRepositoryTest, testException = [null], mergedContextConfiguration = [WebMergedContextConfiguration@57da69e testClass = ProjectPositionEmployeeIntegrationRepositoryTest, locations = '{}', classes = '{class com.innowise.coordination.CoordinationApplication, class com.innowise.coordination.CoordinationApplication}', contextInitializerClasses = '[]', activeProfiles = '{test}', propertySourceLocations = '{}', propertySourceProperties = '{org.springframework.boot.test.context.SpringBootTestContextBootstrapper=true}', contextCustomizers = set[org.springframework.boot.test.autoconfigure.properties.PropertyMappingContextCustomizer@0, org.springframework.boot.test.autoconfigure.web.servlet.WebDriverContextCustomizerFactory$Customizer@5c94e77a, org.springframework.boot.test.context.filter.ExcludeFilterContextCustomizer@6eae0dcf, org.springframework.boot.test.json.DuplicateJsonObjectContextCustomizerFactory$DuplicateJsonObjectContextCustomizer@735cc746, org.springframework.boot.test.mock.mockito.MockitoContextCustomizer@0, org.springframework.boot.test.web.client.TestRestTemplateContextCustomizer@4ce1a62a], resourceBasePath = 'src/main/webapp', contextLoader = 'org.springframework.boot.test.context.SpringBootContextLoader', parent = [null]], attributes = map['org.springframework.test.context.web.ServletTestExecutionListener.activateListener' -> true, 'org.springframework.test.context.web.ServletTestExecutionListener.populatedRequestContextHolder' -> true, 'org.springframework.test.context.web.ServletTestExecutionListener.resetRequestContextHolder' -> true]]; transaction manager [org.springframework.orm.jpa.JpaTransactionManager@54411b60]; rollback [true]
2019-07-04 10:35:23.380  INFO 18418 --- [    Test worker] o.s.t.c.transaction.TransactionContext   : Rolled back transaction for test: [DefaultTestContext@41c7e182 testClass = ProjectPositionEmployeeIntegrationRepositoryTest, testInstance = com.innowise.coordination.repository.ProjectPositionEmployeeIntegrationRepositoryTest@684dc8e6, testMethod = testDeleteById@AbstractIntegrationRepositoryTest, testException = [null], mergedContextConfiguration = [WebMergedContextConfiguration@57da69e testClass = ProjectPositionEmployeeIntegrationRepositoryTest, locations = '{}', classes = '{class com.innowise.coordination.CoordinationApplication, class com.innowise.coordination.CoordinationApplication}', contextInitializerClasses = '[]', activeProfiles = '{test}', propertySourceLocations = '{}', propertySourceProperties = '{org.springframework.boot.test.context.SpringBootTestContextBootstrapper=true}', contextCustomizers = set[org.springframework.boot.test.autoconfigure.properties.PropertyMappingContextCustomizer@0, org.springframework.boot.test.autoconfigure.web.servlet.WebDriverContextCustomizerFactory$Customizer@5c94e77a, org.springframework.boot.test.context.filter.ExcludeFilterContextCustomizer@6eae0dcf, org.springframework.boot.test.json.DuplicateJsonObjectContextCustomizerFactory$DuplicateJsonObjectContextCustomizer@735cc746, org.springframework.boot.test.mock.mockito.MockitoContextCustomizer@0, org.springframework.boot.test.web.client.TestRestTemplateContextCustomizer@4ce1a62a], resourceBasePath = 'src/main/webapp', contextLoader = 'org.springframework.boot.test.context.SpringBootContextLoader', parent = [null]], attributes = map['org.springframework.test.context.web.ServletTestExecutionListener.activateListener' -> true, 'org.springframework.test.context.web.ServletTestExecutionListener.populatedRequestContextHolder' -> true, 'org.springframework.test.context.web.ServletTestExecutionListener.resetRequestContextHolder' -> true]]
2019-07-04 10:35:23.381  INFO 18418 --- [    Test worker] o.s.t.c.transaction.TransactionContext   : Began transaction (1) for test context [DefaultTestContext@41c7e182 testClass = ProjectPositionEmployeeIntegrationRepositoryTest, testInstance = com.innowise.coordination.repository.ProjectPositionEmployeeIntegrationRepositoryTest@4f94cc0a, testMethod = testUpdate@AbstractIntegrationRepositoryTest, testException = [null], mergedContextConfiguration = [WebMergedContextConfiguration@57da69e testClass = ProjectPositionEmployeeIntegrationRepositoryTest, locations = '{}', classes = '{class com.innowise.coordination.CoordinationApplication, class com.innowise.coordination.CoordinationApplication}', contextInitializerClasses = '[]', activeProfiles = '{test}', propertySourceLocations = '{}', propertySourceProperties = '{org.springframework.boot.test.context.SpringBootTestContextBootstrapper=true}', contextCustomizers = set[org.springframework.boot.test.autoconfigure.properties.PropertyMappingContextCustomizer@0, org.springframework.boot.test.autoconfigure.web.servlet.WebDriverContextCustomizerFactory$Customizer@5c94e77a, org.springframework.boot.test.context.filter.ExcludeFilterContextCustomizer@6eae0dcf, org.springframework.boot.test.json.DuplicateJsonObjectContextCustomizerFactory$DuplicateJsonObjectContextCustomizer@735cc746, org.springframework.boot.test.mock.mockito.MockitoContextCustomizer@0, org.springframework.boot.test.web.client.TestRestTemplateContextCustomizer@4ce1a62a], resourceBasePath = 'src/main/webapp', contextLoader = 'org.springframework.boot.test.context.SpringBootContextLoader', parent = [null]], attributes = map['org.springframework.test.context.web.ServletTestExecutionListener.activateListener' -> true, 'org.springframework.test.context.web.ServletTestExecutionListener.populatedRequestContextHolder' -> true, 'org.springframework.test.context.web.ServletTestExecutionListener.resetRequestContextHolder' -> true]]; transaction manager [org.springframework.orm.jpa.JpaTransactionManager@54411b60]; rollback [true]
2019-07-04 10:35:23.384  INFO 18418 --- [    Test worker] o.s.t.c.transaction.TransactionContext   : Rolled back transaction for test: [DefaultTestContext@41c7e182 testClass = ProjectPositionEmployeeIntegrationRepositoryTest, testInstance = com.innowise.coordination.repository.ProjectPositionEmployeeIntegrationRepositoryTest@4f94cc0a, testMethod = testUpdate@AbstractIntegrationRepositoryTest, testException = [null], mergedContextConfiguration = [WebMergedContextConfiguration@57da69e testClass = ProjectPositionEmployeeIntegrationRepositoryTest, locations = '{}', classes = '{class com.innowise.coordination.CoordinationApplication, class com.innowise.coordination.CoordinationApplication}', contextInitializerClasses = '[]', activeProfiles = '{test}', propertySourceLocations = '{}', propertySourceProperties = '{org.springframework.boot.test.context.SpringBootTestContextBootstrapper=true}', contextCustomizers = set[org.springframework.boot.test.autoconfigure.properties.PropertyMappingContextCustomizer@0, org.springframework.boot.test.autoconfigure.web.servlet.WebDriverContextCustomizerFactory$Customizer@5c94e77a, org.springframework.boot.test.context.filter.ExcludeFilterContextCustomizer@6eae0dcf, org.springframework.boot.test.json.DuplicateJsonObjectContextCustomizerFactory$DuplicateJsonObjectContextCustomizer@735cc746, org.springframework.boot.test.mock.mockito.MockitoContextCustomizer@0, org.springframework.boot.test.web.client.TestRestTemplateContextCustomizer@4ce1a62a], resourceBasePath = 'src/main/webapp', contextLoader = 'org.springframework.boot.test.context.SpringBootContextLoader', parent = [null]], attributes = map['org.springframework.test.context.web.ServletTestExecutionListener.activateListener' -> true, 'org.springframework.test.context.web.ServletTestExecutionListener.populatedRequestContextHolder' -> true, 'org.springframework.test.context.web.ServletTestExecutionListener.resetRequestContextHolder' -> true]]
]]></system-out>
  <system-err><![CDATA[]]></system-err>
</testsuite>
