<?xml version="1.0" encoding="UTF-8"?>
<testsuite name="com.innowise.coordination.repository.ReportIntegrationRepositoryTest" tests="6" skipped="0" failures="0" errors="0" timestamp="2019-07-04T07:35:23" hostname="212JS" time="0.035">
  <properties/>
  <testcase name="testFindAll" classname="com.innowise.coordination.repository.ReportIntegrationRepositoryTest" time="0.009"/>
  <testcase name="testSave" classname="com.innowise.coordination.repository.ReportIntegrationRepositoryTest" time="0.003"/>
  <testcase name="testFindById" classname="com.innowise.coordination.repository.ReportIntegrationRepositoryTest" time="0.006"/>
  <testcase name="testDeleteAll" classname="com.innowise.coordination.repository.ReportIntegrationRepositoryTest" time="0.006"/>
  <testcase name="testDeleteById" classname="com.innowise.coordination.repository.ReportIntegrationRepositoryTest" time="0.006"/>
  <testcase name="testUpdate" classname="com.innowise.coordination.repository.ReportIntegrationRepositoryTest" time="0.003"/>
  <system-out><![CDATA[2019-07-04 10:35:23.302  INFO 18418 --- [    Test worker] .b.t.c.SpringBootTestContextBootstrapper : Neither @ContextConfiguration nor @ContextHierarchy found for test class [com.innowise.coordination.repository.ReportIntegrationRepositoryTest], using SpringBootContextLoader
2019-07-04 10:35:23.303  INFO 18418 --- [    Test worker] o.s.t.c.support.AbstractContextLoader    : Could not detect default resource locations for test class [com.innowise.coordination.repository.ReportIntegrationRepositoryTest]: no resource found for suffixes {-context.xml, Context.groovy}.
2019-07-04 10:35:23.304  INFO 18418 --- [    Test worker] .b.t.c.SpringBootTestContextBootstrapper : Loaded default TestExecutionListener class names from location [META-INF/spring.factories]: [org.springframework.boot.test.autoconfigure.restdocs.RestDocsTestExecutionListener, org.springframework.boot.test.autoconfigure.web.client.MockRestServiceServerResetTestExecutionListener, org.springframework.boot.test.autoconfigure.web.servlet.MockMvcPrintOnlyOnFailureTestExecutionListener, org.springframework.boot.test.autoconfigure.web.servlet.WebDriverTestExecutionListener, org.springframework.boot.test.mock.mockito.MockitoTestExecutionListener, org.springframework.boot.test.mock.mockito.ResetMocksTestExecutionListener, org.springframework.test.context.web.ServletTestExecutionListener, org.springframework.test.context.support.DirtiesContextBeforeModesTestExecutionListener, org.springframework.test.context.support.DependencyInjectionTestExecutionListener, org.springframework.test.context.support.DirtiesContextTestExecutionListener, org.springframework.test.context.transaction.TransactionalTestExecutionListener, org.springframework.test.context.jdbc.SqlScriptsTestExecutionListener]
2019-07-04 10:35:23.304  INFO 18418 --- [    Test worker] .b.t.c.SpringBootTestContextBootstrapper : Using TestExecutionListeners: [org.springframework.test.context.web.ServletTestExecutionListener@270a83f6, org.springframework.test.context.support.DirtiesContextBeforeModesTestExecutionListener@23ff5e07, org.springframework.boot.test.mock.mockito.MockitoTestExecutionListener@5e910826, org.springframework.boot.test.autoconfigure.SpringBootDependencyInjectionTestExecutionListener@7ec9a519, org.springframework.test.context.support.DirtiesContextTestExecutionListener@d2f9c05, org.springframework.test.context.transaction.TransactionalTestExecutionListener@54f9f4c1, org.springframework.test.context.jdbc.SqlScriptsTestExecutionListener@27f0640, org.springframework.boot.test.autoconfigure.restdocs.RestDocsTestExecutionListener@312d9a7b, org.springframework.boot.test.autoconfigure.web.client.MockRestServiceServerResetTestExecutionListener@4093e7ef, org.springframework.boot.test.autoconfigure.web.servlet.MockMvcPrintOnlyOnFailureTestExecutionListener@5bd74cc0, org.springframework.boot.test.autoconfigure.web.servlet.WebDriverTestExecutionListener@21e00cfc, org.springframework.boot.test.mock.mockito.ResetMocksTestExecutionListener@7c43b4f9]
2019-07-04 10:35:23.308  INFO 18418 --- [    Test worker] o.s.t.c.transaction.TransactionContext   : Began transaction (1) for test context [DefaultTestContext@243964a testClass = ReportIntegrationRepositoryTest, testInstance = com.innowise.coordination.repository.ReportIntegrationRepositoryTest@25146683, testMethod = testFindAll@AbstractIntegrationRepositoryTest, testException = [null], mergedContextConfiguration = [WebMergedContextConfiguration@643a34f3 testClass = ReportIntegrationRepositoryTest, locations = '{}', classes = '{class com.innowise.coordination.CoordinationApplication, class com.innowise.coordination.CoordinationApplication}', contextInitializerClasses = '[]', activeProfiles = '{test}', propertySourceLocations = '{}', propertySourceProperties = '{org.springframework.boot.test.context.SpringBootTestContextBootstrapper=true}', contextCustomizers = set[org.springframework.boot.test.autoconfigure.properties.PropertyMappingContextCustomizer@0, org.springframework.boot.test.autoconfigure.web.servlet.WebDriverContextCustomizerFactory$Customizer@5c94e77a, org.springframework.boot.test.context.filter.ExcludeFilterContextCustomizer@6eae0dcf, org.springframework.boot.test.json.DuplicateJsonObjectContextCustomizerFactory$DuplicateJsonObjectContextCustomizer@735cc746, org.springframework.boot.test.mock.mockito.MockitoContextCustomizer@0, org.springframework.boot.test.web.client.TestRestTemplateContextCustomizer@4ce1a62a], resourceBasePath = 'src/main/webapp', contextLoader = 'org.springframework.boot.test.context.SpringBootContextLoader', parent = [null]], attributes = map['org.springframework.test.context.web.ServletTestExecutionListener.activateListener' -> true, 'org.springframework.test.context.web.ServletTestExecutionListener.populatedRequestContextHolder' -> true, 'org.springframework.test.context.web.ServletTestExecutionListener.resetRequestContextHolder' -> true]]; transaction manager [org.springframework.orm.jpa.JpaTransactionManager@54411b60]; rollback [true]
2019-07-04 10:35:23.315  INFO 18418 --- [    Test worker] o.s.t.c.transaction.TransactionContext   : Rolled back transaction for test: [DefaultTestContext@243964a testClass = ReportIntegrationRepositoryTest, testInstance = com.innowise.coordination.repository.ReportIntegrationRepositoryTest@25146683, testMethod = testFindAll@AbstractIntegrationRepositoryTest, testException = [null], mergedContextConfiguration = [WebMergedContextConfiguration@643a34f3 testClass = ReportIntegrationRepositoryTest, locations = '{}', classes = '{class com.innowise.coordination.CoordinationApplication, class com.innowise.coordination.CoordinationApplication}', contextInitializerClasses = '[]', activeProfiles = '{test}', propertySourceLocations = '{}', propertySourceProperties = '{org.springframework.boot.test.context.SpringBootTestContextBootstrapper=true}', contextCustomizers = set[org.springframework.boot.test.autoconfigure.properties.PropertyMappingContextCustomizer@0, org.springframework.boot.test.autoconfigure.web.servlet.WebDriverContextCustomizerFactory$Customizer@5c94e77a, org.springframework.boot.test.context.filter.ExcludeFilterContextCustomizer@6eae0dcf, org.springframework.boot.test.json.DuplicateJsonObjectContextCustomizerFactory$DuplicateJsonObjectContextCustomizer@735cc746, org.springframework.boot.test.mock.mockito.MockitoContextCustomizer@0, org.springframework.boot.test.web.client.TestRestTemplateContextCustomizer@4ce1a62a], resourceBasePath = 'src/main/webapp', contextLoader = 'org.springframework.boot.test.context.SpringBootContextLoader', parent = [null]], attributes = map['org.springframework.test.context.web.ServletTestExecutionListener.activateListener' -> true, 'org.springframework.test.context.web.ServletTestExecutionListener.populatedRequestContextHolder' -> true, 'org.springframework.test.context.web.ServletTestExecutionListener.resetRequestContextHolder' -> true]]
2019-07-04 10:35:23.316  INFO 18418 --- [    Test worker] o.s.t.c.transaction.TransactionContext   : Began transaction (1) for test context [DefaultTestContext@243964a testClass = ReportIntegrationRepositoryTest, testInstance = com.innowise.coordination.repository.ReportIntegrationRepositoryTest@2247856e, testMethod = testSave@AbstractIntegrationRepositoryTest, testException = [null], mergedContextConfiguration = [WebMergedContextConfiguration@643a34f3 testClass = ReportIntegrationRepositoryTest, locations = '{}', classes = '{class com.innowise.coordination.CoordinationApplication, class com.innowise.coordination.CoordinationApplication}', contextInitializerClasses = '[]', activeProfiles = '{test}', propertySourceLocations = '{}', propertySourceProperties = '{org.springframework.boot.test.context.SpringBootTestContextBootstrapper=true}', contextCustomizers = set[org.springframework.boot.test.autoconfigure.properties.PropertyMappingContextCustomizer@0, org.springframework.boot.test.autoconfigure.web.servlet.WebDriverContextCustomizerFactory$Customizer@5c94e77a, org.springframework.boot.test.context.filter.ExcludeFilterContextCustomizer@6eae0dcf, org.springframework.boot.test.json.DuplicateJsonObjectContextCustomizerFactory$DuplicateJsonObjectContextCustomizer@735cc746, org.springframework.boot.test.mock.mockito.MockitoContextCustomizer@0, org.springframework.boot.test.web.client.TestRestTemplateContextCustomizer@4ce1a62a], resourceBasePath = 'src/main/webapp', contextLoader = 'org.springframework.boot.test.context.SpringBootContextLoader', parent = [null]], attributes = map['org.springframework.test.context.web.ServletTestExecutionListener.activateListener' -> true, 'org.springframework.test.context.web.ServletTestExecutionListener.populatedRequestContextHolder' -> true, 'org.springframework.test.context.web.ServletTestExecutionListener.resetRequestContextHolder' -> true]]; transaction manager [org.springframework.orm.jpa.JpaTransactionManager@54411b60]; rollback [true]
2019-07-04 10:35:23.319  INFO 18418 --- [    Test worker] o.s.t.c.transaction.TransactionContext   : Rolled back transaction for test: [DefaultTestContext@243964a testClass = ReportIntegrationRepositoryTest, testInstance = com.innowise.coordination.repository.ReportIntegrationRepositoryTest@2247856e, testMethod = testSave@AbstractIntegrationRepositoryTest, testException = [null], mergedContextConfiguration = [WebMergedContextConfiguration@643a34f3 testClass = ReportIntegrationRepositoryTest, locations = '{}', classes = '{class com.innowise.coordination.CoordinationApplication, class com.innowise.coordination.CoordinationApplication}', contextInitializerClasses = '[]', activeProfiles = '{test}', propertySourceLocations = '{}', propertySourceProperties = '{org.springframework.boot.test.context.SpringBootTestContextBootstrapper=true}', contextCustomizers = set[org.springframework.boot.test.autoconfigure.properties.PropertyMappingContextCustomizer@0, org.springframework.boot.test.autoconfigure.web.servlet.WebDriverContextCustomizerFactory$Customizer@5c94e77a, org.springframework.boot.test.context.filter.ExcludeFilterContextCustomizer@6eae0dcf, org.springframework.boot.test.json.DuplicateJsonObjectContextCustomizerFactory$DuplicateJsonObjectContextCustomizer@735cc746, org.springframework.boot.test.mock.mockito.MockitoContextCustomizer@0, org.springframework.boot.test.web.client.TestRestTemplateContextCustomizer@4ce1a62a], resourceBasePath = 'src/main/webapp', contextLoader = 'org.springframework.boot.test.context.SpringBootContextLoader', parent = [null]], attributes = map['org.springframework.test.context.web.ServletTestExecutionListener.activateListener' -> true, 'org.springframework.test.context.web.ServletTestExecutionListener.populatedRequestContextHolder' -> true, 'org.springframework.test.context.web.ServletTestExecutionListener.resetRequestContextHolder' -> true]]
2019-07-04 10:35:23.320  INFO 18418 --- [    Test worker] o.s.t.c.transaction.TransactionContext   : Began transaction (1) for test context [DefaultTestContext@243964a testClass = ReportIntegrationRepositoryTest, testInstance = com.innowise.coordination.repository.ReportIntegrationRepositoryTest@6cf34e57, testMethod = testFindById@AbstractIntegrationRepositoryTest, testException = [null], mergedContextConfiguration = [WebMergedContextConfiguration@643a34f3 testClass = ReportIntegrationRepositoryTest, locations = '{}', classes = '{class com.innowise.coordination.CoordinationApplication, class com.innowise.coordination.CoordinationApplication}', contextInitializerClasses = '[]', activeProfiles = '{test}', propertySourceLocations = '{}', propertySourceProperties = '{org.springframework.boot.test.context.SpringBootTestContextBootstrapper=true}', contextCustomizers = set[org.springframework.boot.test.autoconfigure.properties.PropertyMappingContextCustomizer@0, org.springframework.boot.test.autoconfigure.web.servlet.WebDriverContextCustomizerFactory$Customizer@5c94e77a, org.springframework.boot.test.context.filter.ExcludeFilterContextCustomizer@6eae0dcf, org.springframework.boot.test.json.DuplicateJsonObjectContextCustomizerFactory$DuplicateJsonObjectContextCustomizer@735cc746, org.springframework.boot.test.mock.mockito.MockitoContextCustomizer@0, org.springframework.boot.test.web.client.TestRestTemplateContextCustomizer@4ce1a62a], resourceBasePath = 'src/main/webapp', contextLoader = 'org.springframework.boot.test.context.SpringBootContextLoader', parent = [null]], attributes = map['org.springframework.test.context.web.ServletTestExecutionListener.activateListener' -> true, 'org.springframework.test.context.web.ServletTestExecutionListener.populatedRequestContextHolder' -> true, 'org.springframework.test.context.web.ServletTestExecutionListener.resetRequestContextHolder' -> true]]; transaction manager [org.springframework.orm.jpa.JpaTransactionManager@54411b60]; rollback [true]
2019-07-04 10:35:23.325  INFO 18418 --- [    Test worker] o.s.t.c.transaction.TransactionContext   : Rolled back transaction for test: [DefaultTestContext@243964a testClass = ReportIntegrationRepositoryTest, testInstance = com.innowise.coordination.repository.ReportIntegrationRepositoryTest@6cf34e57, testMethod = testFindById@AbstractIntegrationRepositoryTest, testException = [null], mergedContextConfiguration = [WebMergedContextConfiguration@643a34f3 testClass = ReportIntegrationRepositoryTest, locations = '{}', classes = '{class com.innowise.coordination.CoordinationApplication, class com.innowise.coordination.CoordinationApplication}', contextInitializerClasses = '[]', activeProfiles = '{test}', propertySourceLocations = '{}', propertySourceProperties = '{org.springframework.boot.test.context.SpringBootTestContextBootstrapper=true}', contextCustomizers = set[org.springframework.boot.test.autoconfigure.properties.PropertyMappingContextCustomizer@0, org.springframework.boot.test.autoconfigure.web.servlet.WebDriverContextCustomizerFactory$Customizer@5c94e77a, org.springframework.boot.test.context.filter.ExcludeFilterContextCustomizer@6eae0dcf, org.springframework.boot.test.json.DuplicateJsonObjectContextCustomizerFactory$DuplicateJsonObjectContextCustomizer@735cc746, org.springframework.boot.test.mock.mockito.MockitoContextCustomizer@0, org.springframework.boot.test.web.client.TestRestTemplateContextCustomizer@4ce1a62a], resourceBasePath = 'src/main/webapp', contextLoader = 'org.springframework.boot.test.context.SpringBootContextLoader', parent = [null]], attributes = map['org.springframework.test.context.web.ServletTestExecutionListener.activateListener' -> true, 'org.springframework.test.context.web.ServletTestExecutionListener.populatedRequestContextHolder' -> true, 'org.springframework.test.context.web.ServletTestExecutionListener.resetRequestContextHolder' -> true]]
2019-07-04 10:35:23.327  INFO 18418 --- [    Test worker] o.s.t.c.transaction.TransactionContext   : Began transaction (1) for test context [DefaultTestContext@243964a testClass = ReportIntegrationRepositoryTest, testInstance = com.innowise.coordination.repository.ReportIntegrationRepositoryTest@43b66f46, testMethod = testDeleteAll@AbstractIntegrationRepositoryTest, testException = [null], mergedContextConfiguration = [WebMergedContextConfiguration@643a34f3 testClass = ReportIntegrationRepositoryTest, locations = '{}', classes = '{class com.innowise.coordination.CoordinationApplication, class com.innowise.coordination.CoordinationApplication}', contextInitializerClasses = '[]', activeProfiles = '{test}', propertySourceLocations = '{}', propertySourceProperties = '{org.springframework.boot.test.context.SpringBootTestContextBootstrapper=true}', contextCustomizers = set[org.springframework.boot.test.autoconfigure.properties.PropertyMappingContextCustomizer@0, org.springframework.boot.test.autoconfigure.web.servlet.WebDriverContextCustomizerFactory$Customizer@5c94e77a, org.springframework.boot.test.context.filter.ExcludeFilterContextCustomizer@6eae0dcf, org.springframework.boot.test.json.DuplicateJsonObjectContextCustomizerFactory$DuplicateJsonObjectContextCustomizer@735cc746, org.springframework.boot.test.mock.mockito.MockitoContextCustomizer@0, org.springframework.boot.test.web.client.TestRestTemplateContextCustomizer@4ce1a62a], resourceBasePath = 'src/main/webapp', contextLoader = 'org.springframework.boot.test.context.SpringBootContextLoader', parent = [null]], attributes = map['org.springframework.test.context.web.ServletTestExecutionListener.activateListener' -> true, 'org.springframework.test.context.web.ServletTestExecutionListener.populatedRequestContextHolder' -> true, 'org.springframework.test.context.web.ServletTestExecutionListener.resetRequestContextHolder' -> true]]; transaction manager [org.springframework.orm.jpa.JpaTransactionManager@54411b60]; rollback [true]
2019-07-04 10:35:23.332  INFO 18418 --- [    Test worker] o.s.t.c.transaction.TransactionContext   : Rolled back transaction for test: [DefaultTestContext@243964a testClass = ReportIntegrationRepositoryTest, testInstance = com.innowise.coordination.repository.ReportIntegrationRepositoryTest@43b66f46, testMethod = testDeleteAll@AbstractIntegrationRepositoryTest, testException = [null], mergedContextConfiguration = [WebMergedContextConfiguration@643a34f3 testClass = ReportIntegrationRepositoryTest, locations = '{}', classes = '{class com.innowise.coordination.CoordinationApplication, class com.innowise.coordination.CoordinationApplication}', contextInitializerClasses = '[]', activeProfiles = '{test}', propertySourceLocations = '{}', propertySourceProperties = '{org.springframework.boot.test.context.SpringBootTestContextBootstrapper=true}', contextCustomizers = set[org.springframework.boot.test.autoconfigure.properties.PropertyMappingContextCustomizer@0, org.springframework.boot.test.autoconfigure.web.servlet.WebDriverContextCustomizerFactory$Customizer@5c94e77a, org.springframework.boot.test.context.filter.ExcludeFilterContextCustomizer@6eae0dcf, org.springframework.boot.test.json.DuplicateJsonObjectContextCustomizerFactory$DuplicateJsonObjectContextCustomizer@735cc746, org.springframework.boot.test.mock.mockito.MockitoContextCustomizer@0, org.springframework.boot.test.web.client.TestRestTemplateContextCustomizer@4ce1a62a], resourceBasePath = 'src/main/webapp', contextLoader = 'org.springframework.boot.test.context.SpringBootContextLoader', parent = [null]], attributes = map['org.springframework.test.context.web.ServletTestExecutionListener.activateListener' -> true, 'org.springframework.test.context.web.ServletTestExecutionListener.populatedRequestContextHolder' -> true, 'org.springframework.test.context.web.ServletTestExecutionListener.resetRequestContextHolder' -> true]]
2019-07-04 10:35:23.334  INFO 18418 --- [    Test worker] o.s.t.c.transaction.TransactionContext   : Began transaction (1) for test context [DefaultTestContext@243964a testClass = ReportIntegrationRepositoryTest, testInstance = com.innowise.coordination.repository.ReportIntegrationRepositoryTest@6a9b8e89, testMethod = testDeleteById@AbstractIntegrationRepositoryTest, testException = [null], mergedContextConfiguration = [WebMergedContextConfiguration@643a34f3 testClass = ReportIntegrationRepositoryTest, locations = '{}', classes = '{class com.innowise.coordination.CoordinationApplication, class com.innowise.coordination.CoordinationApplication}', contextInitializerClasses = '[]', activeProfiles = '{test}', propertySourceLocations = '{}', propertySourceProperties = '{org.springframework.boot.test.context.SpringBootTestContextBootstrapper=true}', contextCustomizers = set[org.springframework.boot.test.autoconfigure.properties.PropertyMappingContextCustomizer@0, org.springframework.boot.test.autoconfigure.web.servlet.WebDriverContextCustomizerFactory$Customizer@5c94e77a, org.springframework.boot.test.context.filter.ExcludeFilterContextCustomizer@6eae0dcf, org.springframework.boot.test.json.DuplicateJsonObjectContextCustomizerFactory$DuplicateJsonObjectContextCustomizer@735cc746, org.springframework.boot.test.mock.mockito.MockitoContextCustomizer@0, org.springframework.boot.test.web.client.TestRestTemplateContextCustomizer@4ce1a62a], resourceBasePath = 'src/main/webapp', contextLoader = 'org.springframework.boot.test.context.SpringBootContextLoader', parent = [null]], attributes = map['org.springframework.test.context.web.ServletTestExecutionListener.activateListener' -> true, 'org.springframework.test.context.web.ServletTestExecutionListener.populatedRequestContextHolder' -> true, 'org.springframework.test.context.web.ServletTestExecutionListener.resetRequestContextHolder' -> true]]; transaction manager [org.springframework.orm.jpa.JpaTransactionManager@54411b60]; rollback [true]
2019-07-04 10:35:23.338  INFO 18418 --- [    Test worker] o.s.t.c.transaction.TransactionContext   : Rolled back transaction for test: [DefaultTestContext@243964a testClass = ReportIntegrationRepositoryTest, testInstance = com.innowise.coordination.repository.ReportIntegrationRepositoryTest@6a9b8e89, testMethod = testDeleteById@AbstractIntegrationRepositoryTest, testException = [null], mergedContextConfiguration = [WebMergedContextConfiguration@643a34f3 testClass = ReportIntegrationRepositoryTest, locations = '{}', classes = '{class com.innowise.coordination.CoordinationApplication, class com.innowise.coordination.CoordinationApplication}', contextInitializerClasses = '[]', activeProfiles = '{test}', propertySourceLocations = '{}', propertySourceProperties = '{org.springframework.boot.test.context.SpringBootTestContextBootstrapper=true}', contextCustomizers = set[org.springframework.boot.test.autoconfigure.properties.PropertyMappingContextCustomizer@0, org.springframework.boot.test.autoconfigure.web.servlet.WebDriverContextCustomizerFactory$Customizer@5c94e77a, org.springframework.boot.test.context.filter.ExcludeFilterContextCustomizer@6eae0dcf, org.springframework.boot.test.json.DuplicateJsonObjectContextCustomizerFactory$DuplicateJsonObjectContextCustomizer@735cc746, org.springframework.boot.test.mock.mockito.MockitoContextCustomizer@0, org.springframework.boot.test.web.client.TestRestTemplateContextCustomizer@4ce1a62a], resourceBasePath = 'src/main/webapp', contextLoader = 'org.springframework.boot.test.context.SpringBootContextLoader', parent = [null]], attributes = map['org.springframework.test.context.web.ServletTestExecutionListener.activateListener' -> true, 'org.springframework.test.context.web.ServletTestExecutionListener.populatedRequestContextHolder' -> true, 'org.springframework.test.context.web.ServletTestExecutionListener.resetRequestContextHolder' -> true]]
2019-07-04 10:35:23.339  INFO 18418 --- [    Test worker] o.s.t.c.transaction.TransactionContext   : Began transaction (1) for test context [DefaultTestContext@243964a testClass = ReportIntegrationRepositoryTest, testInstance = com.innowise.coordination.repository.ReportIntegrationRepositoryTest@bd5a9bc, testMethod = testUpdate@AbstractIntegrationRepositoryTest, testException = [null], mergedContextConfiguration = [WebMergedContextConfiguration@643a34f3 testClass = ReportIntegrationRepositoryTest, locations = '{}', classes = '{class com.innowise.coordination.CoordinationApplication, class com.innowise.coordination.CoordinationApplication}', contextInitializerClasses = '[]', activeProfiles = '{test}', propertySourceLocations = '{}', propertySourceProperties = '{org.springframework.boot.test.context.SpringBootTestContextBootstrapper=true}', contextCustomizers = set[org.springframework.boot.test.autoconfigure.properties.PropertyMappingContextCustomizer@0, org.springframework.boot.test.autoconfigure.web.servlet.WebDriverContextCustomizerFactory$Customizer@5c94e77a, org.springframework.boot.test.context.filter.ExcludeFilterContextCustomizer@6eae0dcf, org.springframework.boot.test.json.DuplicateJsonObjectContextCustomizerFactory$DuplicateJsonObjectContextCustomizer@735cc746, org.springframework.boot.test.mock.mockito.MockitoContextCustomizer@0, org.springframework.boot.test.web.client.TestRestTemplateContextCustomizer@4ce1a62a], resourceBasePath = 'src/main/webapp', contextLoader = 'org.springframework.boot.test.context.SpringBootContextLoader', parent = [null]], attributes = map['org.springframework.test.context.web.ServletTestExecutionListener.activateListener' -> true, 'org.springframework.test.context.web.ServletTestExecutionListener.populatedRequestContextHolder' -> true, 'org.springframework.test.context.web.ServletTestExecutionListener.resetRequestContextHolder' -> true]]; transaction manager [org.springframework.orm.jpa.JpaTransactionManager@54411b60]; rollback [true]
2019-07-04 10:35:23.342  INFO 18418 --- [    Test worker] o.s.t.c.transaction.TransactionContext   : Rolled back transaction for test: [DefaultTestContext@243964a testClass = ReportIntegrationRepositoryTest, testInstance = com.innowise.coordination.repository.ReportIntegrationRepositoryTest@bd5a9bc, testMethod = testUpdate@AbstractIntegrationRepositoryTest, testException = [null], mergedContextConfiguration = [WebMergedContextConfiguration@643a34f3 testClass = ReportIntegrationRepositoryTest, locations = '{}', classes = '{class com.innowise.coordination.CoordinationApplication, class com.innowise.coordination.CoordinationApplication}', contextInitializerClasses = '[]', activeProfiles = '{test}', propertySourceLocations = '{}', propertySourceProperties = '{org.springframework.boot.test.context.SpringBootTestContextBootstrapper=true}', contextCustomizers = set[org.springframework.boot.test.autoconfigure.properties.PropertyMappingContextCustomizer@0, org.springframework.boot.test.autoconfigure.web.servlet.WebDriverContextCustomizerFactory$Customizer@5c94e77a, org.springframework.boot.test.context.filter.ExcludeFilterContextCustomizer@6eae0dcf, org.springframework.boot.test.json.DuplicateJsonObjectContextCustomizerFactory$DuplicateJsonObjectContextCustomizer@735cc746, org.springframework.boot.test.mock.mockito.MockitoContextCustomizer@0, org.springframework.boot.test.web.client.TestRestTemplateContextCustomizer@4ce1a62a], resourceBasePath = 'src/main/webapp', contextLoader = 'org.springframework.boot.test.context.SpringBootContextLoader', parent = [null]], attributes = map['org.springframework.test.context.web.ServletTestExecutionListener.activateListener' -> true, 'org.springframework.test.context.web.ServletTestExecutionListener.populatedRequestContextHolder' -> true, 'org.springframework.test.context.web.ServletTestExecutionListener.resetRequestContextHolder' -> true]]
]]></system-out>
  <system-err><![CDATA[]]></system-err>
</testsuite>
